20:12:27.%f  === FL-Blockchain Performance Log ===
20:12:27.%f  Mode     : BASELINE
20:12:27.%f  Started  : 2026-04-24T20:12:27.322996
20:12:27.%f  File     : outputs/baseline_20260424_201227/perf_baseline_20260424_201227.log
20:12:27.%f  ==================================================
20:12:27.%f  BLOCKCHAIN_OPTIMIZED = False
20:13:49.%f    ipfs_global model_cid=QmPVLyAGA6mEBo8y...  upload_ms=79071 [blocking]
20:13:51.%f    gas_limit  type=GLOBAL estimated=226290  estimate_ms=1038.1
20:13:51.%f    gas_price  fetched=6000000  fetch_ms=279.0
20:13:51.%f    tx_sent    type=GLOBAL  hash=e21221ce4978...  send_ms=295.0
20:13:51.%f    global_tx_fired  ms=2463.5
20:13:51.%f    confirmed  idx=0  block=45127143  submit_to_confirm_ms=176
20:13:51.%f    wait_for_pending  n=1  total_wait_ms=176
20:13:51.%f    round_confirmation_total_ms=176
20:13:52.%f    verify_chain  valid=True  ms=647 [per-round]
20:13:52.%f  --- ROUND 0 end  total_overhead_ms=2640
20:15:09.%f  --- ROUND 1 start  mode=BASE
20:15:11.%f    ipfs_local  cid=QmR42HYvARwt89wn...  upload_ms=2039 [blocking]
20:15:12.%f    gas_limit  type=LOCAL  estimated=276473  estimate_ms=611.7
20:15:12.%f    gas_price  fetched=6000000  fetch_ms=206.8
20:15:13.%f    tx_sent    type=LOCAL   hash=9f7f44454fe0...  send_ms=371.5
20:15:13.%f    local_tx_fired  ms=1397.5
20:15:14.%f    ipfs_vote   cid=QmUfoZ7dJ7SXuUG2...  upload_ms=753 [blocking]
20:15:14.%f    gas_limit  type=VOTE   estimated=270438  estimate_ms=612.6
20:15:14.%f    gas_price  fetched=6000000  fetch_ms=204.8
20:15:15.%f    tx_sent    type=VOTE    hash=4ab70086d556...  send_ms=507.3
20:15:15.%f    vote_tx_fired  ms=1534.7
20:17:37.%f    ipfs_global model_cid=Qmf7b71MrhGSFxST...  upload_ms=69793 [blocking]
20:17:38.%f    gas_limit  type=GLOBAL estimated=251407  estimate_ms=1330.6
20:17:38.%f    gas_price  fetched=6000000  fetch_ms=205.5
20:17:39.%f    tx_sent    type=GLOBAL  hash=72ab259d3fe1...  send_ms=320.1
20:17:39.%f    global_tx_fired  ms=2065.2
20:17:39.%f    confirmed  idx=0  block=45127184  submit_to_confirm_ms=146063
20:17:39.%f    confirmed  idx=1  block=45127185  submit_to_confirm_ms=144082
20:17:42.%f    confirmed  idx=2  block=45127257  submit_to_confirm_ms=3358
20:17:42.%f    wait_for_pending  n=3  total_wait_ms=3357
20:17:42.%f    round_confirmation_total_ms=3358
20:17:43.%f    verify_chain  valid=True  ms=1233 [per-round]
20:17:43.%f  --- ROUND 1 end  total_overhead_ms=5423
20:18:48.%f  --- ROUND 2 start  mode=BASE
20:18:49.%f    ipfs_local  cid=QmWkbBq4sSgpeb1z...  upload_ms=1427 [blocking]
20:18:51.%f    gas_limit  type=LOCAL  estimated=276442  estimate_ms=1406.6
20:18:51.%f    gas_price  fetched=6000000  fetch_ms=435.9
20:18:53.%f    tx_sent    type=LOCAL   hash=689b6edea91a...  send_ms=1326.7
20:18:53.%f    local_tx_fired  ms=3379.0
20:18:54.%f    ipfs_vote   cid=QmeE9stn7JxHJMtQ...  upload_ms=898 [blocking]
20:18:55.%f    gas_limit  type=VOTE   estimated=270136  estimate_ms=1050.4
20:18:55.%f    gas_price  fetched=6000000  fetch_ms=201.0
20:18:56.%f    tx_sent    type=VOTE    hash=6e1b63fff158...  send_ms=478.9
20:18:56.%f    vote_tx_fired  ms=1943.9
20:19:57.%f    ipfs_global model_cid=QmZdHQq7UQ85nJMu...  upload_ms=8369 [blocking]
20:19:57.%f    gas_limit  type=GLOBAL estimated=251361  estimate_ms=571.6
20:19:58.%f    gas_price  fetched=6000000  fetch_ms=205.4
20:19:58.%f    tx_sent    type=GLOBAL  hash=cff42ba82491...  send_ms=507.3
20:19:58.%f    global_tx_fired  ms=1493.0
20:19:59.%f    confirmed  idx=0  block=45127294  submit_to_confirm_ms=65835
20:19:59.%f    confirmed  idx=1  block=45127295  submit_to_confirm_ms=63208
20:20:01.%f    confirmed  idx=2  block=45127327  submit_to_confirm_ms=3031
20:20:01.%f    wait_for_pending  n=3  total_wait_ms=3031
20:20:01.%f    round_confirmation_total_ms=3031
20:20:02.%f    verify_chain  valid=True  ms=655 [per-round]
20:20:02.%f  --- ROUND 2 end  total_overhead_ms=4524
20:21:03.%f  --- ROUND 3 start  mode=BASE
20:21:04.%f    ipfs_local  cid=QmUJ56jjTToE9txp...  upload_ms=1674 [blocking]
20:21:06.%f    gas_limit  type=LOCAL  estimated=276352  estimate_ms=1433.4
20:21:06.%f    gas_price  fetched=6000000  fetch_ms=176.6
20:21:07.%f    tx_sent    type=LOCAL   hash=ce982194ecc7...  send_ms=489.9
20:21:07.%f    local_tx_fired  ms=2338.2
20:21:08.%f    ipfs_vote   cid=QmNPEVQAW6YJX1Vo...  upload_ms=837 [blocking]
20:21:08.%f    gas_limit  type=VOTE   estimated=270347  estimate_ms=737.5
20:21:09.%f    gas_price  fetched=6000000  fetch_ms=200.6
20:21:09.%f    tx_sent    type=VOTE    hash=baf24eedb3a4...  send_ms=308.4
20:21:09.%f    vote_tx_fired  ms=1432.0
20:22:04.%f    ipfs_global model_cid=QmUg8bDGrY3wjzqX...  upload_ms=7919 [blocking]
20:22:05.%f    gas_limit  type=GLOBAL estimated=251377  estimate_ms=571.0
20:22:05.%f    gas_price  fetched=6000000  fetch_ms=223.2
20:22:06.%f    tx_sent    type=GLOBAL  hash=3e640f41d89a...  send_ms=459.4
20:22:06.%f    global_tx_fired  ms=1433.8
20:22:06.%f    confirmed  idx=0  block=45127361  submit_to_confirm_ms=59001
20:22:06.%f    confirmed  idx=1  block=45127362  submit_to_confirm_ms=56935
20:22:07.%f    confirmed  idx=2  block=45127390  submit_to_confirm_ms=1788
20:22:07.%f    wait_for_pending  n=3  total_wait_ms=1788
20:22:07.%f    round_confirmation_total_ms=1788
20:22:08.%f    verify_chain  valid=True  ms=875 [per-round]
20:22:08.%f  --- ROUND 3 end  total_overhead_ms=3222
20:23:05.%f  --- ROUND 4 start  mode=BASE
20:23:06.%f    ipfs_local  cid=Qmc5E8Kp6YFv7bmu...  upload_ms=1456 [blocking]
20:23:07.%f    gas_limit  type=LOCAL  estimated=276412  estimate_ms=616.1
20:23:07.%f    gas_price  fetched=6000000  fetch_ms=202.6
20:23:07.%f    tx_sent    type=LOCAL   hash=8b100a5d3510...  send_ms=406.3
20:23:07.%f    local_tx_fired  ms=1433.5
20:23:08.%f    ipfs_vote   cid=QmVoj2EzEDtySAzs...  upload_ms=819 [blocking]
20:23:10.%f    gas_limit  type=VOTE   estimated=270287  estimate_ms=1228.9
20:23:10.%f    gas_price  fetched=6000000  fetch_ms=204.1
20:23:11.%f    tx_sent    type=VOTE    hash=f0d0df8205c2...  send_ms=502.5
20:23:11.%f    vote_tx_fired  ms=2227.2
20:24:12.%f    ipfs_global model_cid=QmaVN5ZY3nAKD7wL...  upload_ms=24456 [blocking]
20:24:13.%f    gas_limit  type=GLOBAL estimated=251377  estimate_ms=576.2
20:24:13.%f    gas_price  fetched=6000000  fetch_ms=192.8
20:24:14.%f    tx_sent    type=GLOBAL  hash=4ec382fdadca...  send_ms=528.0
20:24:14.%f    global_tx_fired  ms=2136.4
20:24:14.%f    confirmed  idx=0  block=45127421  submit_to_confirm_ms=66919
20:24:15.%f    confirmed  idx=1  block=45127423  submit_to_confirm_ms=64335
20:24:15.%f    confirmed  idx=2  block=45127455  submit_to_confirm_ms=900
20:24:15.%f    wait_for_pending  n=3  total_wait_ms=900
20:24:15.%f    round_confirmation_total_ms=900
20:24:16.%f    verify_chain  valid=True  ms=612 [per-round]
20:24:16.%f  --- ROUND 4 end  total_overhead_ms=3036
20:25:13.%f  --- ROUND 5 start  mode=BASE
20:25:14.%f    ipfs_local  cid=QmbfMJfiLog6bDcn...  upload_ms=1540 [blocking]
20:25:15.%f    gas_limit  type=LOCAL  estimated=276397  estimate_ms=614.6
20:25:15.%f    gas_price  fetched=6000000  fetch_ms=172.2
20:25:16.%f    tx_sent    type=LOCAL   hash=98ad66439283...  send_ms=304.7
20:25:16.%f    local_tx_fired  ms=1333.1
20:25:17.%f    ipfs_vote   cid=QmRn99Crz9Vw2YjX...  upload_ms=919 [blocking]
20:25:17.%f    gas_limit  type=VOTE   estimated=270241  estimate_ms=613.7
20:25:18.%f    gas_price  fetched=6000000  fetch_ms=217.1
20:25:19.%f    tx_sent    type=VOTE    hash=167e05d3bfb7...  send_ms=986.9
20:25:19.%f    vote_tx_fired  ms=2014.2
20:26:16.%f    ipfs_global model_cid=QmYQX9ZKtUMAYeQ6...  upload_ms=21869 [blocking]
20:26:17.%f    gas_limit  type=GLOBAL estimated=251392  estimate_ms=614.4
20:26:17.%f    gas_price  fetched=6000000  fetch_ms=203.8
20:26:18.%f    tx_sent    type=GLOBAL  hash=9ee2fe5bc7df...  send_ms=304.0
20:26:18.%f    global_tx_fired  ms=1334.0
20:26:18.%f    confirmed  idx=0  block=45127485  submit_to_confirm_ms=62142
20:26:18.%f    confirmed  idx=1  block=45127487  submit_to_confirm_ms=59555
20:26:18.%f    confirmed  idx=2  block=45127516  submit_to_confirm_ms=712
20:26:18.%f    wait_for_pending  n=3  total_wait_ms=712
20:26:18.%f    round_confirmation_total_ms=712
20:26:19.%f    verify_chain  valid=True  ms=604 [per-round]
20:26:19.%f  --- ROUND 5 end  total_overhead_ms=2046
20:27:21.%f  --- ROUND 6 start  mode=BASE
20:27:23.%f    ipfs_local  cid=QmYJxYuAkqyhjaS9...  upload_ms=1428 [blocking]
20:27:24.%f    gas_limit  type=LOCAL  estimated=276382  estimate_ms=814.9
20:27:24.%f    gas_price  fetched=6000000  fetch_ms=204.5
20:27:25.%f    tx_sent    type=LOCAL   hash=f0098c5b41ca...  send_ms=463.0
20:27:25.%f    local_tx_fired  ms=1691.3
20:27:25.%f    ipfs_vote   cid=QmdKzBTfz8Q8K1rK...  upload_ms=762 [blocking]
20:27:26.%f    gas_limit  type=VOTE   estimated=270241  estimate_ms=613.9
20:27:26.%f    gas_price  fetched=6000000  fetch_ms=204.9
20:27:27.%f    tx_sent    type=VOTE    hash=a90f5557ff4e...  send_ms=348.6
20:27:27.%f    vote_tx_fired  ms=1945.7
20:28:26.%f    ipfs_global model_cid=QmXYVSS7eKWpNHD3...  upload_ms=22925 [blocking]
20:28:27.%f    gas_limit  type=GLOBAL estimated=251377  estimate_ms=820.0
20:28:27.%f    gas_price  fetched=6000000  fetch_ms=204.3
20:28:28.%f    tx_sent    type=GLOBAL  hash=7dc269676ae5...  send_ms=381.9
20:28:28.%f    global_tx_fired  ms=1615.2
20:28:28.%f    confirmed  idx=0  block=45127550  submit_to_confirm_ms=63946
20:28:29.%f    confirmed  idx=1  block=45127551  submit_to_confirm_ms=61442
20:28:29.%f    confirmed  idx=2  block=45127581  submit_to_confirm_ms=1253
20:28:29.%f    wait_for_pending  n=3  total_wait_ms=1253
20:28:29.%f    round_confirmation_total_ms=1253
20:28:30.%f    verify_chain  valid=True  ms=1433 [per-round]
20:28:30.%f  --- ROUND 6 end  total_overhead_ms=2868
20:29:29.%f  --- ROUND 7 start  mode=BASE
20:29:30.%f    ipfs_local  cid=QmQtfRFuuHjBkQGj...  upload_ms=1604 [blocking]
20:29:31.%f    gas_limit  type=LOCAL  estimated=276412  estimate_ms=607.5
20:29:31.%f    gas_price  fetched=6000000  fetch_ms=205.3
20:29:32.%f    tx_sent    type=LOCAL   hash=221f05e0095f...  send_ms=302.8
20:29:32.%f    local_tx_fired  ms=1324.8
20:29:33.%f    ipfs_vote   cid=QmWgVxK3Hu64ZP12...  upload_ms=921 [blocking]
20:29:33.%f    gas_limit  type=VOTE   estimated=269928  estimate_ms=614.6
20:29:34.%f    gas_price  fetched=6000000  fetch_ms=204.4
20:29:34.%f    tx_sent    type=VOTE    hash=9ede9786f8c7...  send_ms=302.2
20:29:34.%f    vote_tx_fired  ms=1331.0
20:30:31.%f    ipfs_global model_cid=QmXj14GrFmb8kv5w...  upload_ms=22557 [blocking]
20:30:32.%f    gas_limit  type=GLOBAL estimated=251392  estimate_ms=1229.5
20:30:32.%f    gas_price  fetched=6000000  fetch_ms=204.1
20:30:33.%f    tx_sent    type=GLOBAL  hash=f9818988f5f1...  send_ms=323.7
20:30:33.%f    global_tx_fired  ms=1944.9
20:30:33.%f    confirmed  idx=0  block=45127613  submit_to_confirm_ms=61032
20:30:33.%f    confirmed  idx=1  block=45127614  submit_to_confirm_ms=58984
20:30:33.%f    confirmed  idx=2  block=45127644  submit_to_confirm_ms=616
20:30:33.%f    wait_for_pending  n=3  total_wait_ms=616
20:30:33.%f    round_confirmation_total_ms=616
20:30:34.%f    verify_chain  valid=True  ms=1229 [per-round]
20:30:34.%f  --- ROUND 7 end  total_overhead_ms=2561
20:32:36.%f  --- ROUND 8 start  mode=BASE
20:32:38.%f    ipfs_local  cid=QmZd4Fqn2FyoFN7m...  upload_ms=2294 [blocking]
20:32:39.%f    gas_limit  type=LOCAL  estimated=276412  estimate_ms=846.2
20:32:39.%f    gas_price  fetched=6000000  fetch_ms=204.0
20:32:40.%f    tx_sent    type=LOCAL   hash=6c9e9040e23e...  send_ms=533.1
20:32:40.%f    local_tx_fired  ms=1792.0
20:32:40.%f    ipfs_vote   cid=QmUo96EfRJmv5fY6...  upload_ms=795 [blocking]
20:32:41.%f    gas_limit  type=VOTE   estimated=270377  estimate_ms=915.9
20:32:42.%f    gas_price  fetched=6000000  fetch_ms=409.6
20:32:43.%f    tx_sent    type=VOTE    hash=4bfeee75dbb2...  send_ms=500.2
20:32:43.%f    vote_tx_fired  ms=2634.0
20:35:41.%f    ipfs_global model_cid=QmYy98jYWdhsdrVq...  upload_ms=77738 [blocking]
20:35:41.%f    gas_limit  type=GLOBAL estimated=251392  estimate_ms=614.2
20:35:41.%f    gas_price  fetched=6000000  fetch_ms=204.3
20:35:42.%f    tx_sent    type=GLOBAL  hash=13c7b508942c...  send_ms=304.8
20:35:42.%f    global_tx_fired  ms=1639.8
20:35:42.%f    confirmed  idx=0  block=45127707  submit_to_confirm_ms=182763
20:35:43.%f    confirmed  idx=1  block=45127709  submit_to_confirm_ms=179534
20:35:43.%f    confirmed  idx=2  block=45127799  submit_to_confirm_ms=614
20:35:43.%f    wait_for_pending  n=3  total_wait_ms=614
20:35:43.%f    round_confirmation_total_ms=614
20:35:43.%f    verify_chain  valid=True  ms=614 [per-round]
20:35:43.%f  --- ROUND 8 end  total_overhead_ms=2253
20:36:41.%f  --- ROUND 9 start  mode=BASE
20:36:42.%f    ipfs_local  cid=QmSQXnfZWVPJ99Aj...  upload_ms=1253 [blocking]
20:36:43.%f    gas_limit  type=LOCAL  estimated=276382  estimate_ms=819.0
20:36:43.%f    gas_price  fetched=6000000  fetch_ms=206.1
20:36:44.%f    tx_sent    type=LOCAL   hash=fd154d3d82f2...  send_ms=918.1
20:36:44.%f    local_tx_fired  ms=2150.1
20:36:45.%f    ipfs_vote   cid=QmRGjMznUWp2mFhB...  upload_ms=726 [blocking]
20:36:46.%f    gas_limit  type=VOTE   estimated=270241  estimate_ms=1219.9
20:36:46.%f    gas_price  fetched=6000000  fetch_ms=184.4
20:36:47.%f    tx_sent    type=VOTE    hash=e90e9cd594c2...  send_ms=507.5
20:36:47.%f    vote_tx_fired  ms=2141.3
20:37:37.%f    ipfs_global model_cid=Qmf3XUkBFJaqDeQV...  upload_ms=13136 [blocking]
20:37:37.%f    gas_limit  type=GLOBAL estimated=251346  estimate_ms=621.9
20:37:37.%f    gas_price  fetched=6000000  fetch_ms=196.6
20:37:38.%f    tx_sent    type=GLOBAL  hash=d3f2addcb992...  send_ms=314.5
20:37:38.%f    global_tx_fired  ms=1342.8
20:37:38.%f    confirmed  idx=0  block=45127829  submit_to_confirm_ms=54376
20:37:38.%f    confirmed  idx=1  block=45127831  submit_to_confirm_ms=51714
20:37:39.%f    confirmed  idx=2  block=45127856  submit_to_confirm_ms=693
20:37:39.%f    wait_for_pending  n=3  total_wait_ms=693
20:37:39.%f    round_confirmation_total_ms=693
20:37:39.%f    verify_chain  valid=True  ms=627 [per-round]
20:37:39.%f  --- ROUND 9 end  total_overhead_ms=2036
20:38:37.%f  --- ROUND 10 start  mode=BASE
20:38:38.%f    ipfs_local  cid=QmcfcKGmrUNFJx5g...  upload_ms=1240 [blocking]
20:38:39.%f    gas_limit  type=LOCAL  estimated=276427  estimate_ms=1023.6
20:38:39.%f    gas_price  fetched=6000000  fetch_ms=205.9
20:38:40.%f    tx_sent    type=LOCAL   hash=f04732426bde...  send_ms=505.2
20:38:40.%f    local_tx_fired  ms=1943.5
20:38:41.%f    ipfs_vote   cid=QmWkanzznFRYqgej...  upload_ms=821 [blocking]
20:38:42.%f    gas_limit  type=VOTE   estimated=270136  estimate_ms=819.1
20:38:42.%f    gas_price  fetched=6000000  fetch_ms=204.8
20:38:43.%f    tx_sent    type=VOTE    hash=575bb2aa9fbf...  send_ms=515.9
20:38:43.%f    vote_tx_fired  ms=1747.8
20:39:38.%f    ipfs_global model_cid=Qmd9xwjjPHk1moEK...  upload_ms=22021 [blocking]
20:39:39.%f    gas_limit  type=GLOBAL estimated=251361  estimate_ms=614.3
20:39:39.%f    gas_price  fetched=6000000  fetch_ms=205.0
20:39:40.%f    tx_sent    type=GLOBAL  hash=75134449c27f...  send_ms=303.0
20:39:40.%f    global_tx_fired  ms=1331.1
20:39:40.%f    confirmed  idx=0  block=45127887  submit_to_confirm_ms=59801
20:39:40.%f    confirmed  idx=1  block=45127889  submit_to_confirm_ms=57409
20:39:40.%f    confirmed  idx=2  block=45127917  submit_to_confirm_ms=615
20:39:40.%f    wait_for_pending  n=3  total_wait_ms=615
20:39:40.%f    round_confirmation_total_ms=615
20:39:41.%f    verify_chain  valid=True  ms=614 [per-round]
20:39:41.%f  --- ROUND 10 end  total_overhead_ms=1946
20:39:42.%f    verify_chain  valid=True  ms=599  [per-round-final]
