05:02:37.%f  === FL-Blockchain Performance Log ===
05:02:37.%f  Mode     : BASELINE
05:02:37.%f  Started  : 2026-04-25T05:02:37.669589
05:02:37.%f  File     : outputs/baseline_20260425_050237/perf_baseline_20260425_050237.log
05:02:37.%f  ==================================================
05:02:37.%f  BLOCKCHAIN_OPTIMIZED = False
05:02:50.%f    ipfs_global model_cid=QmSyjWrYghJSRfDm...  upload_ms=10103 [blocking]
05:02:50.%f    gas_limit  type=GLOBAL estimated=225613  estimate_ms=409.6
05:02:50.%f    gas_price  fetched=6000000  fetch_ms=101.9
05:02:51.%f    tx_sent    type=GLOBAL  hash=0dfa35060294...  send_ms=265.9
05:02:51.%f    global_tx_fired  ms=1192.8
05:02:51.%f    confirmed  idx=0  block=45143013  submit_to_confirm_ms=139
05:02:51.%f    wait_for_pending  n=1  total_wait_ms=139
05:02:51.%f    round_confirmation_total_ms=139
05:02:51.%f    verify_chain  valid=True  ms=410 [per-round]
05:02:51.%f  --- ROUND 0 end  total_overhead_ms=1332
05:03:54.%f  --- ROUND 1 start  mode=BASE
05:03:55.%f    ipfs_local  cid=QmezT9izbKKGcd9s...  upload_ms=1249 [blocking]
05:03:55.%f    gas_limit  type=LOCAL  estimated=276458  estimate_ms=357.7
05:03:55.%f    gas_price  fetched=6000000  fetch_ms=103.0
05:03:56.%f    tx_sent    type=LOCAL   hash=ac713beab0c6...  send_ms=297.4
05:03:56.%f    local_tx_fired  ms=873.2
05:03:57.%f    ipfs_vote   cid=QmTAgDaGaoUcLHSU...  upload_ms=780 [blocking]
05:03:57.%f    gas_limit  type=VOTE   estimated=270287  estimate_ms=445.9
05:03:57.%f    gas_price  fetched=6000000  fetch_ms=101.8
05:03:57.%f    tx_sent    type=VOTE    hash=e8cb78385d10...  send_ms=227.9
05:03:57.%f    vote_tx_fired  ms=886.6
05:05:03.%f    ipfs_global model_cid=QmS1N1B15GprdjhH...  upload_ms=9230 [blocking]
05:05:04.%f    gas_limit  type=GLOBAL estimated=251392  estimate_ms=307.7
05:05:04.%f    gas_price  fetched=6000000  fetch_ms=109.3
05:05:04.%f    tx_sent    type=GLOBAL  hash=842d13982940...  send_ms=304.2
05:05:04.%f    global_tx_fired  ms=818.5
05:05:04.%f    confirmed  idx=0  block=45143045  submit_to_confirm_ms=68607
05:05:04.%f    confirmed  idx=1  block=45143046  submit_to_confirm_ms=67047
05:05:06.%f    confirmed  idx=2  block=45143080  submit_to_confirm_ms=1537
05:05:06.%f    wait_for_pending  n=3  total_wait_ms=1537
05:05:06.%f    round_confirmation_total_ms=1537
05:05:06.%f    verify_chain  valid=True  ms=325 [per-round]
05:05:06.%f  --- ROUND 1 end  total_overhead_ms=2356
05:06:26.%f  --- ROUND 2 start  mode=BASE
05:06:28.%f    ipfs_local  cid=QmUF26UiJ1t2V9XY...  upload_ms=2174 [blocking]
05:06:28.%f    gas_limit  type=LOCAL  estimated=276352  estimate_ms=408.8
05:06:28.%f    gas_price  fetched=6000000  fetch_ms=102.1
05:06:29.%f    tx_sent    type=LOCAL   hash=de5b802a46ec...  send_ms=301.6
05:06:29.%f    local_tx_fired  ms=921.2
05:06:30.%f    ipfs_vote   cid=QmYiz7AxAWcr9NSM...  upload_ms=819 [blocking]
05:06:30.%f    gas_limit  type=VOTE   estimated=270362  estimate_ms=409.1
05:06:30.%f    gas_price  fetched=6000000  fetch_ms=199.8
05:06:31.%f    tx_sent    type=VOTE    hash=b45c157577dd...  send_ms=302.8
05:06:31.%f    vote_tx_fired  ms=1023.9
05:08:48.%f    ipfs_global model_cid=QmYdmpTcJSSZuof7...  upload_ms=7435 [blocking]
05:08:48.%f    gas_limit  type=GLOBAL estimated=251346  estimate_ms=308.0
05:08:48.%f    gas_price  fetched=6000000  fetch_ms=107.4
05:08:49.%f    tx_sent    type=GLOBAL  hash=b352add8cf6a...  send_ms=202.1
05:08:49.%f    global_tx_fired  ms=721.9
05:08:49.%f    confirmed  idx=0  block=45143122  submit_to_confirm_ms=139993
05:08:49.%f    confirmed  idx=1  block=45143123  submit_to_confirm_ms=138343
05:08:49.%f    confirmed  idx=2  block=45143192  submit_to_confirm_ms=405
05:08:49.%f    wait_for_pending  n=3  total_wait_ms=405
05:08:49.%f    round_confirmation_total_ms=405
05:08:49.%f    verify_chain  valid=True  ms=414 [per-round]
05:08:49.%f  --- ROUND 2 end  total_overhead_ms=1127
05:12:21.%f  --- ROUND 3 start  mode=BASE
05:12:23.%f    ipfs_local  cid=QmdPN7N1Pv8gK7ds...  upload_ms=1884 [blocking]
05:12:23.%f    gas_limit  type=LOCAL  estimated=276382  estimate_ms=510.4
05:12:23.%f    gas_price  fetched=6000000  fetch_ms=105.9
05:12:24.%f    tx_sent    type=LOCAL   hash=b2a963b84e3d...  send_ms=301.6
05:12:24.%f    local_tx_fired  ms=1124.2
05:12:25.%f    ipfs_vote   cid=QmTL9N9X3BYCryx8...  upload_ms=647 [blocking]
05:12:25.%f    gas_limit  type=VOTE   estimated=269898  estimate_ms=484.7
05:12:25.%f    gas_price  fetched=6000000  fetch_ms=199.3
05:12:26.%f    tx_sent    type=VOTE    hash=45cd703886bf...  send_ms=340.8
05:12:26.%f    vote_tx_fired  ms=1195.9
05:13:29.%f    ipfs_global model_cid=QmTTLoVsy35PTdQC...  upload_ms=9150 [blocking]
05:13:29.%f    gas_limit  type=GLOBAL estimated=251377  estimate_ms=349.4
05:13:29.%f    gas_price  fetched=6000000  fetch_ms=175.5
05:13:30.%f    tx_sent    type=GLOBAL  hash=38b5b703be83...  send_ms=207.2
05:13:30.%f    global_tx_fired  ms=867.2
05:13:30.%f    confirmed  idx=0  block=45143299  submit_to_confirm_ms=66157
05:13:30.%f    confirmed  idx=1  block=45143300  submit_to_confirm_ms=64439
05:13:30.%f    confirmed  idx=2  block=45143332  submit_to_confirm_ms=507
05:13:30.%f    wait_for_pending  n=3  total_wait_ms=506
05:13:30.%f    round_confirmation_total_ms=507
05:13:31.%f    verify_chain  valid=True  ms=409 [per-round]
05:13:31.%f  --- ROUND 3 end  total_overhead_ms=1374
05:14:28.%f  --- ROUND 4 start  mode=BASE
05:14:30.%f    ipfs_local  cid=QmQYM4fShWzrxGgy...  upload_ms=1470 [blocking]
05:14:30.%f    gas_limit  type=LOCAL  estimated=276412  estimate_ms=307.5
05:14:30.%f    gas_price  fetched=6000000  fetch_ms=101.9
05:14:30.%f    tx_sent    type=LOCAL   hash=89a46fdd729b...  send_ms=301.8
05:14:30.%f    local_tx_fired  ms=819.7
05:14:31.%f    ipfs_vote   cid=QmYLWYxfNSGKv1R3...  upload_ms=776 [blocking]
05:14:31.%f    gas_limit  type=VOTE   estimated=270121  estimate_ms=361.3
05:14:32.%f    gas_price  fetched=6000000  fetch_ms=99.8
05:14:32.%f    tx_sent    type=VOTE    hash=7ee2b10e211c...  send_ms=294.6
05:14:32.%f    vote_tx_fired  ms=860.1
05:15:43.%f    ipfs_global model_cid=QmStbxfEfzrvuYGz...  upload_ms=9569 [blocking]
05:15:44.%f    gas_limit  type=GLOBAL estimated=251377  estimate_ms=409.8
05:15:44.%f    gas_price  fetched=6000000  fetch_ms=114.4
05:15:44.%f    tx_sent    type=GLOBAL  hash=ad51c78c2c9c...  send_ms=203.9
05:15:44.%f    global_tx_fired  ms=924.1
05:15:45.%f    confirmed  idx=0  block=45143363  submit_to_confirm_ms=74155
05:15:45.%f    confirmed  idx=1  block=45143363  submit_to_confirm_ms=72713
05:15:45.%f    confirmed  idx=2  block=45143400  submit_to_confirm_ms=510
05:15:45.%f    wait_for_pending  n=3  total_wait_ms=510
05:15:45.%f    round_confirmation_total_ms=510
05:15:45.%f    verify_chain  valid=True  ms=409 [per-round]
05:15:45.%f  --- ROUND 4 end  total_overhead_ms=1434
05:17:04.%f  --- ROUND 5 start  mode=BASE
05:17:05.%f    ipfs_local  cid=QmW9ZH4S5Mic4RhS...  upload_ms=1797 [blocking]
05:17:06.%f    gas_limit  type=LOCAL  estimated=276337  estimate_ms=363.5
05:17:06.%f    gas_price  fetched=6000000  fetch_ms=100.7
05:17:06.%f    tx_sent    type=LOCAL   hash=bf5a2d5c6d27...  send_ms=303.1
05:17:06.%f    local_tx_fired  ms=875.6
05:17:07.%f    ipfs_vote   cid=QmNqDLPNHsvHj3SW...  upload_ms=762 [blocking]
05:17:07.%f    gas_limit  type=VOTE   estimated=270181  estimate_ms=366.0
05:17:08.%f    gas_price  fetched=6000000  fetch_ms=202.7
05:17:08.%f    tx_sent    type=VOTE    hash=c6e1b4516955...  send_ms=258.5
05:17:08.%f    vote_tx_fired  ms=933.2
05:18:24.%f    ipfs_global model_cid=QmRoXdo4DnPvyrny...  upload_ms=14375 [blocking]
05:18:24.%f    gas_limit  type=GLOBAL estimated=251377  estimate_ms=311.2
05:18:25.%f    gas_price  fetched=6000000  fetch_ms=103.0
05:18:25.%f    tx_sent    type=GLOBAL  hash=f32708e0e681...  send_ms=226.2
05:18:25.%f    global_tx_fired  ms=819.6
05:18:25.%f    confirmed  idx=0  block=45143441  submit_to_confirm_ms=78752
05:18:25.%f    confirmed  idx=1  block=45143441  submit_to_confirm_ms=77261
05:18:25.%f    confirmed  idx=2  block=45143480  submit_to_confirm_ms=410
05:18:25.%f    wait_for_pending  n=3  total_wait_ms=410
05:18:25.%f    round_confirmation_total_ms=410
05:18:26.%f    verify_chain  valid=True  ms=306 [per-round]
05:18:26.%f  --- ROUND 5 end  total_overhead_ms=1230
05:19:49.%f  --- ROUND 6 start  mode=BASE
05:19:51.%f    ipfs_local  cid=QmRi7E3fron4364a...  upload_ms=2068 [blocking]
05:19:52.%f    gas_limit  type=LOCAL  estimated=276473  estimate_ms=409.5
05:19:52.%f    gas_price  fetched=6000000  fetch_ms=102.0
05:19:52.%f    tx_sent    type=LOCAL   hash=b15c4383b1d2...  send_ms=365.4
05:19:52.%f    local_tx_fired  ms=1024.1
05:19:53.%f    ipfs_vote   cid=QmWYdF38wWyoiKgm...  upload_ms=717 [blocking]
05:19:53.%f    gas_limit  type=VOTE   estimated=270302  estimate_ms=409.7
05:19:54.%f    gas_price  fetched=6000000  fetch_ms=110.0
05:19:54.%f    tx_sent    type=VOTE    hash=573c9bef68d4...  send_ms=397.6
05:19:54.%f    vote_tx_fired  ms=1024.2
05:21:02.%f    ipfs_global model_cid=QmYZ16Fa7myRuoDn...  upload_ms=10603 [blocking]
05:21:02.%f    gas_limit  type=GLOBAL estimated=251361  estimate_ms=360.5
05:21:02.%f    gas_price  fetched=6000000  fetch_ms=114.4
05:21:03.%f    tx_sent    type=GLOBAL  hash=d2882a48eb24...  send_ms=303.1
05:21:03.%f    global_tx_fired  ms=975.1
05:21:03.%f    confirmed  idx=0  block=45143524  submit_to_confirm_ms=70663
05:21:03.%f    confirmed  idx=1  block=45143524  submit_to_confirm_ms=69125
05:21:03.%f    confirmed  idx=2  block=45143559  submit_to_confirm_ms=513
05:21:03.%f    wait_for_pending  n=3  total_wait_ms=513
05:21:03.%f    round_confirmation_total_ms=513
05:21:04.%f    verify_chain  valid=True  ms=410 [per-round]
05:21:04.%f  --- ROUND 6 end  total_overhead_ms=1488
05:22:20.%f  --- ROUND 7 start  mode=BASE
05:22:22.%f    ipfs_local  cid=QmRqDp7GrZsyZKXe...  upload_ms=2369 [blocking]
05:22:23.%f    gas_limit  type=LOCAL  estimated=276397  estimate_ms=454.2
05:22:23.%f    gas_price  fetched=6000000  fetch_ms=102.2
05:22:23.%f    tx_sent    type=LOCAL   hash=0cb918ff819d...  send_ms=299.2
05:22:23.%f    local_tx_fired  ms=966.3
05:22:24.%f    ipfs_vote   cid=QmWJwZACHR33wxbr...  upload_ms=920 [blocking]
05:22:24.%f    gas_limit  type=VOTE   estimated=270256  estimate_ms=411.2
05:22:25.%f    gas_price  fetched=6000000  fetch_ms=110.1
05:22:25.%f    tx_sent    type=VOTE    hash=152e2b27570d...  send_ms=300.3
05:22:25.%f    vote_tx_fired  ms=1025.9
05:23:15.%f    ipfs_global model_cid=QmcwkPqbs48SwgQq...  upload_ms=5547 [blocking]
05:23:15.%f    gas_limit  type=GLOBAL estimated=251392  estimate_ms=307.3
05:23:15.%f    gas_price  fetched=6000000  fetch_ms=104.3
05:23:16.%f    tx_sent    type=GLOBAL  hash=ac64bcbdee88...  send_ms=308.5
05:23:16.%f    global_tx_fired  ms=921.3
05:23:16.%f    confirmed  idx=0  block=45143599  submit_to_confirm_ms=52639
05:23:16.%f    confirmed  idx=1  block=45143600  submit_to_confirm_ms=50897
05:23:16.%f    confirmed  idx=2  block=45143625  submit_to_confirm_ms=515
05:23:16.%f    wait_for_pending  n=3  total_wait_ms=514
05:23:16.%f    round_confirmation_total_ms=514
05:23:16.%f    verify_chain  valid=True  ms=322 [per-round]
05:23:16.%f  --- ROUND 7 end  total_overhead_ms=1436
05:25:12.%f  --- ROUND 8 start  mode=BASE
05:25:14.%f    ipfs_local  cid=QmXnPyVUGVm3inuS...  upload_ms=1756 [blocking]
05:25:14.%f    gas_limit  type=LOCAL  estimated=276382  estimate_ms=411.2
05:25:15.%f    gas_price  fetched=6000000  fetch_ms=246.3
05:25:15.%f    tx_sent    type=LOCAL   hash=e15efd8c5193...  send_ms=595.0
05:25:15.%f    local_tx_fired  ms=1419.6
05:25:16.%f    ipfs_vote   cid=QmPiu8NdsixUgdtv...  upload_ms=998 [blocking]
05:25:17.%f    gas_limit  type=VOTE   estimated=269928  estimate_ms=453.6
05:25:17.%f    gas_price  fetched=6000000  fetch_ms=151.7
05:25:17.%f    tx_sent    type=VOTE    hash=eac83fc78725...  send_ms=306.7
05:25:17.%f    vote_tx_fired  ms=1071.6
05:26:17.%f    ipfs_global model_cid=QmVjXgAeHh4EZWtQ...  upload_ms=9054 [blocking]
05:26:17.%f    gas_limit  type=GLOBAL estimated=251392  estimate_ms=311.8
05:26:17.%f    gas_price  fetched=6000000  fetch_ms=199.8
05:26:18.%f    tx_sent    type=GLOBAL  hash=efa3ced1a6ef...  send_ms=211.2
05:26:18.%f    global_tx_fired  ms=844.6
05:26:18.%f    confirmed  idx=0  block=45143685  submit_to_confirm_ms=62308
05:26:18.%f    confirmed  idx=1  block=45143686  submit_to_confirm_ms=60352
05:26:18.%f    confirmed  idx=2  block=45143716  submit_to_confirm_ms=384
05:26:18.%f    wait_for_pending  n=3  total_wait_ms=384
05:26:18.%f    round_confirmation_total_ms=384
05:26:18.%f    verify_chain  valid=True  ms=315 [per-round]
05:26:18.%f  --- ROUND 8 end  total_overhead_ms=1228
05:27:15.%f  --- ROUND 9 start  mode=BASE
05:27:16.%f    ipfs_local  cid=QmNnscQZxQLE5mpC...  upload_ms=1296 [blocking]
05:27:16.%f    gas_limit  type=LOCAL  estimated=276382  estimate_ms=428.8
05:27:17.%f    gas_price  fetched=6000000  fetch_ms=204.4
05:27:17.%f    tx_sent    type=LOCAL   hash=1bd900744542...  send_ms=245.5
05:27:17.%f    local_tx_fired  ms=1088.7
05:27:18.%f    ipfs_vote   cid=QmPNZPB1e3GAoGV5...  upload_ms=847 [blocking]
05:27:18.%f    gas_limit  type=VOTE   estimated=270226  estimate_ms=337.0
05:27:18.%f    gas_price  fetched=6000000  fetch_ms=188.0
05:27:19.%f    tx_sent    type=VOTE    hash=299051808e8c...  send_ms=272.9
05:27:19.%f    vote_tx_fired  ms=920.2
05:28:06.%f    ipfs_global model_cid=QmXh36rSjsNSpTia...  upload_ms=10960 [blocking]
05:28:06.%f    gas_limit  type=GLOBAL estimated=251377  estimate_ms=418.1
05:28:06.%f    gas_price  fetched=6000000  fetch_ms=101.9
05:28:07.%f    tx_sent    type=GLOBAL  hash=2409745abc3b...  send_ms=296.7
05:28:07.%f    global_tx_fired  ms=929.4
05:28:07.%f    confirmed  idx=0  block=45143746  submit_to_confirm_ms=49930
05:28:07.%f    confirmed  idx=1  block=45143747  submit_to_confirm_ms=48365
05:28:07.%f    confirmed  idx=2  block=45143771  submit_to_confirm_ms=410
05:28:07.%f    wait_for_pending  n=3  total_wait_ms=410
05:28:07.%f    round_confirmation_total_ms=410
05:28:08.%f    verify_chain  valid=True  ms=512 [per-round]
05:28:08.%f  --- ROUND 9 end  total_overhead_ms=1340
05:29:06.%f  --- ROUND 10 start  mode=BASE
05:29:07.%f    ipfs_local  cid=QmWgmADrHWKY7ooD...  upload_ms=1189 [blocking]
05:29:08.%f    gas_limit  type=LOCAL  estimated=276458  estimate_ms=512.1
05:29:08.%f    gas_price  fetched=6000000  fetch_ms=105.2
05:29:08.%f    tx_sent    type=LOCAL   hash=0c749e9e5f38...  send_ms=301.0
05:29:08.%f    local_tx_fired  ms=1128.2
05:29:09.%f    ipfs_vote   cid=QmPQo5FxdN7C6Kst...  upload_ms=820 [blocking]
05:29:10.%f    gas_limit  type=VOTE   estimated=270287  estimate_ms=410.2
05:29:10.%f    gas_price  fetched=6000000  fetch_ms=204.0
05:29:10.%f    tx_sent    type=VOTE    hash=b8220e37c1f9...  send_ms=301.8
05:29:10.%f    vote_tx_fired  ms=1124.3
05:30:08.%f    ipfs_global model_cid=QmbydvfXnfzad8EZ...  upload_ms=11296 [blocking]
05:30:08.%f    gas_limit  type=GLOBAL estimated=251392  estimate_ms=410.3
05:30:08.%f    gas_price  fetched=6000000  fetch_ms=203.4
05:30:09.%f    tx_sent    type=GLOBAL  hash=ecf6db51c4ad...  send_ms=302.9
05:30:09.%f    global_tx_fired  ms=1126.4
05:30:09.%f    confirmed  idx=0  block=45143802  submit_to_confirm_ms=60417
05:30:09.%f    confirmed  idx=1  block=45143803  submit_to_confirm_ms=58575
05:30:09.%f    confirmed  idx=2  block=45143832  submit_to_confirm_ms=308
05:30:09.%f    wait_for_pending  n=3  total_wait_ms=308
05:30:09.%f    round_confirmation_total_ms=308
05:30:10.%f    verify_chain  valid=True  ms=511 [per-round]
05:30:10.%f  --- ROUND 10 end  total_overhead_ms=1434
05:30:10.%f    verify_chain  valid=True  ms=402  [per-round-final]
