23:34:04.%f  === FL-Blockchain Performance Log ===
23:34:04.%f  Mode     : BASELINE
23:34:04.%f  Started  : 2026-04-24T23:34:04.197829
23:34:04.%f  File     : outputs/baseline_20260424_233404/perf_baseline_20260424_233404.log
23:34:04.%f  ==================================================
23:34:04.%f  BLOCKCHAIN_OPTIMIZED = False
23:34:15.%f    ipfs_global model_cid=QmTwPqBZA2xZX34D...  upload_ms=8480 [blocking]
23:34:15.%f    gas_limit  type=GLOBAL estimated=226320  estimate_ms=486.4
23:34:16.%f    gas_price  fetched=6000000  fetch_ms=203.0
23:34:16.%f    tx_sent    type=GLOBAL  hash=0ee3f1b31fbb...  send_ms=287.7
23:34:16.%f    global_tx_fired  ms=1412.9
23:34:17.%f    confirmed  idx=0  block=45133155  submit_to_confirm_ms=1348
23:34:17.%f    wait_for_pending  n=1  total_wait_ms=1348
23:34:17.%f    round_confirmation_total_ms=1348
23:34:18.%f    verify_chain  valid=True  ms=608 [per-round]
23:34:18.%f  --- ROUND 0 end  total_overhead_ms=2761
23:35:36.%f  --- ROUND 1 start  mode=BASE
23:35:38.%f    ipfs_local  cid=QmNwB7kPYXsfo9u1...  upload_ms=1806 [blocking]
23:35:39.%f    gas_limit  type=LOCAL  estimated=276412  estimate_ms=512.9
23:35:39.%f    gas_price  fetched=6000000  fetch_ms=119.7
23:35:39.%f    tx_sent    type=LOCAL   hash=f40308c5ce43...  send_ms=261.3
23:35:39.%f    local_tx_fired  ms=1023.8
23:35:40.%f    ipfs_vote   cid=QmUVwr4fQKKEt3S5...  upload_ms=1025 [blocking]
23:35:41.%f    gas_limit  type=VOTE   estimated=270256  estimate_ms=511.4
23:35:41.%f    gas_price  fetched=6000000  fetch_ms=204.5
23:35:42.%f    tx_sent    type=VOTE    hash=9b5746b6beaf...  send_ms=303.4
23:35:42.%f    vote_tx_fired  ms=1227.5
23:36:46.%f    ipfs_global model_cid=QmcnZPzkusfHq2FP...  upload_ms=16747 [blocking]
23:36:46.%f    gas_limit  type=GLOBAL estimated=251377  estimate_ms=427.1
23:36:46.%f    gas_price  fetched=6000000  fetch_ms=181.9
23:36:47.%f    tx_sent    type=GLOBAL  hash=900521604f92...  send_ms=302.7
23:36:47.%f    global_tx_fired  ms=1127.3
23:36:47.%f    confirmed  idx=0  block=45133197  submit_to_confirm_ms=67700
23:36:47.%f    confirmed  idx=1  block=45133198  submit_to_confirm_ms=65637
23:36:47.%f    confirmed  idx=2  block=45133231  submit_to_confirm_ms=492
23:36:47.%f    wait_for_pending  n=3  total_wait_ms=492
23:36:47.%f    round_confirmation_total_ms=492
23:36:48.%f    verify_chain  valid=True  ms=429 [per-round]
23:36:48.%f  --- ROUND 1 end  total_overhead_ms=1619
23:37:55.%f  --- ROUND 2 start  mode=BASE
23:37:57.%f    ipfs_local  cid=QmW5nx5mUsSHvT2q...  upload_ms=1944 [blocking]
23:37:57.%f    gas_limit  type=LOCAL  estimated=276352  estimate_ms=512.8
23:37:58.%f    gas_price  fetched=6000000  fetch_ms=172.7
23:37:58.%f    tx_sent    type=LOCAL   hash=03f4cecb4daa...  send_ms=301.7
23:37:58.%f    local_tx_fired  ms=1124.9
23:37:59.%f    ipfs_vote   cid=QmZorDTbeMJhACDe...  upload_ms=1025 [blocking]
23:38:00.%f    gas_limit  type=VOTE   estimated=270226  estimate_ms=513.2
23:38:00.%f    gas_price  fetched=6000000  fetch_ms=119.8
23:38:00.%f    tx_sent    type=VOTE    hash=7b415205360b...  send_ms=278.1
23:38:00.%f    vote_tx_fired  ms=1092.5
23:39:20.%f    ipfs_global model_cid=QmYKyeQYq1V2TMkH...  upload_ms=23408 [blocking]
23:39:20.%f    gas_limit  type=GLOBAL estimated=251361  estimate_ms=339.2
23:39:20.%f    gas_price  fetched=6000000  fetch_ms=170.3
23:39:20.%f    tx_sent    type=GLOBAL  hash=8b02766b4fef...  send_ms=224.2
23:39:20.%f    global_tx_fired  ms=850.3
23:39:21.%f    confirmed  idx=0  block=45133266  submit_to_confirm_ms=82535
23:39:21.%f    confirmed  idx=1  block=45133267  submit_to_confirm_ms=80621
23:39:21.%f    confirmed  idx=2  block=45133308  submit_to_confirm_ms=572
23:39:21.%f    wait_for_pending  n=3  total_wait_ms=572
23:39:21.%f    round_confirmation_total_ms=572
23:39:21.%f    verify_chain  valid=True  ms=422 [per-round]
23:39:21.%f  --- ROUND 2 end  total_overhead_ms=1422
23:40:38.%f  --- ROUND 3 start  mode=BASE
23:40:40.%f    ipfs_local  cid=QmYV2wKsAQM8R3RN...  upload_ms=2376 [blocking]
23:40:40.%f    gas_limit  type=LOCAL  estimated=276397  estimate_ms=478.0
23:40:41.%f    gas_price  fetched=6000000  fetch_ms=141.2
23:40:41.%f    tx_sent    type=LOCAL   hash=906b13e468be...  send_ms=314.0
23:40:41.%f    local_tx_fired  ms=1091.7
23:40:42.%f    ipfs_vote   cid=QmNkTUsWg9mcGG2j...  upload_ms=819 [blocking]
23:40:42.%f    gas_limit  type=VOTE   estimated=270241  estimate_ms=512.0
23:40:42.%f    gas_price  fetched=6000000  fetch_ms=112.4
23:40:43.%f    tx_sent    type=VOTE    hash=9646862d0fe4...  send_ms=279.9
23:40:43.%f    vote_tx_fired  ms=1024.0
23:41:39.%f    ipfs_global model_cid=QmSK3r8BiKHE2CWn...  upload_ms=18303 [blocking]
23:41:39.%f    gas_limit  type=GLOBAL estimated=251361  estimate_ms=319.6
23:41:39.%f    gas_price  fetched=6000000  fetch_ms=110.9
23:41:40.%f    tx_sent    type=GLOBAL  hash=1ac846ca6771...  send_ms=286.7
23:41:40.%f    global_tx_fired  ms=986.3
23:41:40.%f    confirmed  idx=0  block=45133348  submit_to_confirm_ms=59084
23:41:40.%f    confirmed  idx=1  block=45133349  submit_to_confirm_ms=57446
23:41:41.%f    confirmed  idx=2  block=45133377  submit_to_confirm_ms=550
23:41:41.%f    wait_for_pending  n=3  total_wait_ms=550
23:41:41.%f    round_confirmation_total_ms=550
23:41:41.%f    verify_chain  valid=True  ms=512 [per-round]
23:41:41.%f  --- ROUND 3 end  total_overhead_ms=1536
23:42:51.%f  --- ROUND 4 start  mode=BASE
23:42:52.%f    ipfs_local  cid=QmYtfATs1tnMTM6M...  upload_ms=1520 [blocking]
23:42:53.%f    gas_limit  type=LOCAL  estimated=276412  estimate_ms=512.0
23:42:53.%f    gas_price  fetched=6000000  fetch_ms=204.5
23:42:53.%f    tx_sent    type=LOCAL   hash=024a5867e6d7...  send_ms=252.3
23:42:53.%f    local_tx_fired  ms=1178.2
23:42:54.%f    ipfs_vote   cid=QmXJVaqgn6uScwb2...  upload_ms=766 [blocking]
23:42:55.%f    gas_limit  type=VOTE   estimated=270256  estimate_ms=442.0
23:42:55.%f    gas_price  fetched=6000000  fetch_ms=173.5
23:42:55.%f    tx_sent    type=VOTE    hash=ccfaef9282dc...  send_ms=302.0
23:42:55.%f    vote_tx_fired  ms=1127.4
23:44:14.%f    ipfs_global model_cid=QmPkszgfCBx5TytE...  upload_ms=21992 [blocking]
23:44:15.%f    gas_limit  type=GLOBAL estimated=251361  estimate_ms=418.0
23:44:15.%f    gas_price  fetched=6000000  fetch_ms=176.0
23:44:15.%f    tx_sent    type=GLOBAL  hash=7b8c3a42efac...  send_ms=303.4
23:44:15.%f    global_tx_fired  ms=1111.4
23:44:16.%f    confirmed  idx=0  block=45133414  submit_to_confirm_ms=82278
23:44:16.%f    confirmed  idx=1  block=45133415  submit_to_confirm_ms=80590
23:44:16.%f    confirmed  idx=2  block=45133455  submit_to_confirm_ms=589
23:44:16.%f    wait_for_pending  n=3  total_wait_ms=589
23:44:16.%f    round_confirmation_total_ms=589
23:44:16.%f    verify_chain  valid=True  ms=482 [per-round]
23:44:16.%f  --- ROUND 4 end  total_overhead_ms=1701
23:45:44.%f  --- ROUND 5 start  mode=BASE
23:45:46.%f    ipfs_local  cid=Qmc67b4rhg7n19Rc...  upload_ms=2710 [blocking]
23:45:47.%f    gas_limit  type=LOCAL  estimated=276427  estimate_ms=618.6
23:45:47.%f    gas_price  fetched=6000000  fetch_ms=111.2
23:45:48.%f    tx_sent    type=LOCAL   hash=f21d00fc8746...  send_ms=306.6
23:45:48.%f    local_tx_fired  ms=1232.0
23:45:49.%f    ipfs_vote   cid=QmUtMyRmptaif71v...  upload_ms=917 [blocking]
23:45:49.%f    gas_limit  type=VOTE   estimated=270256  estimate_ms=428.0
23:45:49.%f    gas_price  fetched=6000000  fetch_ms=177.1
23:45:50.%f    tx_sent    type=VOTE    hash=7b8f7e332725...  send_ms=261.6
23:45:50.%f    vote_tx_fired  ms=1086.3
23:46:58.%f    ipfs_global model_cid=QmcXhGJyGjJUzTXg...  upload_ms=17573 [blocking]
23:46:59.%f    gas_limit  type=GLOBAL estimated=251377  estimate_ms=460.4
23:46:59.%f    gas_price  fetched=6000000  fetch_ms=205.8
23:46:59.%f    tx_sent    type=GLOBAL  hash=3de29d844619...  send_ms=235.8
23:46:59.%f    global_tx_fired  ms=1023.9
23:46:59.%f    confirmed  idx=0  block=45133501  submit_to_confirm_ms=71676
23:46:59.%f    confirmed  idx=1  block=45133502  submit_to_confirm_ms=69839
23:47:00.%f    confirmed  idx=2  block=45133537  submit_to_confirm_ms=462
23:47:00.%f    wait_for_pending  n=3  total_wait_ms=462
23:47:00.%f    round_confirmation_total_ms=462
23:47:00.%f    verify_chain  valid=True  ms=511 [per-round]
23:47:00.%f  --- ROUND 5 end  total_overhead_ms=1486
23:48:12.%f  --- ROUND 6 start  mode=BASE
23:48:13.%f    ipfs_local  cid=QmPiCuBhtKQ7zzmn...  upload_ms=1488 [blocking]
23:48:14.%f    gas_limit  type=LOCAL  estimated=276427  estimate_ms=521.7
23:48:14.%f    gas_price  fetched=6000000  fetch_ms=196.1
23:48:15.%f    tx_sent    type=LOCAL   hash=994a5a204591...  send_ms=303.8
23:48:15.%f    local_tx_fired  ms=1229.6
23:48:16.%f    ipfs_vote   cid=QmX5TYNGsRV4EXNE...  upload_ms=920 [blocking]
23:48:16.%f    gas_limit  type=VOTE   estimated=270287  estimate_ms=614.1
23:48:16.%f    gas_price  fetched=6000000  fetch_ms=205.2
23:48:17.%f    tx_sent    type=VOTE    hash=505efe8f1977...  send_ms=301.9
23:48:17.%f    vote_tx_fired  ms=1331.3
23:49:39.%f    ipfs_global model_cid=QmSDh2LSs6Tmpp9Q...  upload_ms=25523 [blocking]
23:49:40.%f    gas_limit  type=GLOBAL estimated=251392  estimate_ms=465.7
23:49:40.%f    gas_price  fetched=6000000  fetch_ms=154.2
23:49:41.%f    tx_sent    type=GLOBAL  hash=393a3fe9cdd4...  send_ms=303.7
23:49:41.%f    global_tx_fired  ms=1130.0
23:49:41.%f    confirmed  idx=0  block=45133575  submit_to_confirm_ms=86118
23:49:41.%f    confirmed  idx=1  block=45133576  submit_to_confirm_ms=84071
23:49:41.%f    confirmed  idx=2  block=45133618  submit_to_confirm_ms=615
23:49:41.%f    wait_for_pending  n=3  total_wait_ms=615
23:49:41.%f    round_confirmation_total_ms=615
23:49:42.%f    verify_chain  valid=True  ms=512 [per-round]
23:49:42.%f  --- ROUND 6 end  total_overhead_ms=1745
23:51:11.%f  --- ROUND 7 start  mode=BASE
23:51:14.%f    ipfs_local  cid=QmVZQJWwU9jArZm5...  upload_ms=2165 [blocking]
23:51:14.%f    gas_limit  type=LOCAL  estimated=276427  estimate_ms=614.2
23:51:14.%f    gas_price  fetched=6000000  fetch_ms=205.2
23:51:15.%f    tx_sent    type=LOCAL   hash=6974d5fa65f2...  send_ms=342.6
23:51:15.%f    local_tx_fired  ms=1287.3
23:51:16.%f    ipfs_vote   cid=QmNfShyTYHcJvkUL...  upload_ms=947 [blocking]
23:51:16.%f    gas_limit  type=VOTE   estimated=270121  estimate_ms=428.4
23:51:16.%f    gas_price  fetched=6000000  fetch_ms=204.6
23:51:17.%f    tx_sent    type=VOTE    hash=3b31e8e85236...  send_ms=303.0
23:51:17.%f    vote_tx_fired  ms=1145.1
23:52:09.%f    ipfs_global model_cid=QmZxep1abMVjf9Ci...  upload_ms=6486 [blocking]
23:52:10.%f    gas_limit  type=GLOBAL estimated=251377  estimate_ms=512.5
23:52:10.%f    gas_price  fetched=6000000  fetch_ms=203.8
23:52:11.%f    tx_sent    type=GLOBAL  hash=6dff1d8e0c37...  send_ms=231.0
23:52:11.%f    global_tx_fired  ms=1126.7
23:52:11.%f    confirmed  idx=0  block=45133665  submit_to_confirm_ms=55956
23:52:11.%f    confirmed  idx=1  block=45133666  submit_to_confirm_ms=54068
23:52:11.%f    confirmed  idx=2  block=45133693  submit_to_confirm_ms=615
23:52:11.%f    wait_for_pending  n=3  total_wait_ms=615
23:52:11.%f    round_confirmation_total_ms=615
23:52:12.%f    verify_chain  valid=True  ms=614 [per-round]
23:52:12.%f  --- ROUND 7 end  total_overhead_ms=1742
23:53:20.%f  --- ROUND 8 start  mode=BASE
23:53:22.%f    ipfs_local  cid=QmeZLJpv9wNa6JsV...  upload_ms=1726 [blocking]
23:53:22.%f    gas_limit  type=LOCAL  estimated=276473  estimate_ms=414.2
23:53:23.%f    gas_price  fetched=6000000  fetch_ms=132.8
23:53:23.%f    tx_sent    type=LOCAL   hash=28182642ce5a...  send_ms=244.3
23:53:23.%f    local_tx_fired  ms=958.5
23:53:24.%f    ipfs_vote   cid=QmfJsjQqZhuUqWAJ...  upload_ms=784 [blocking]
23:53:24.%f    gas_limit  type=VOTE   estimated=270302  estimate_ms=511.5
23:53:24.%f    gas_price  fetched=6000000  fetch_ms=205.1
23:53:25.%f    tx_sent    type=VOTE    hash=07b7dcad7010...  send_ms=303.5
23:53:25.%f    vote_tx_fired  ms=1230.2
23:54:17.%f    ipfs_global model_cid=QmZ3cVbExUaMqqgi...  upload_ms=9100 [blocking]
23:54:17.%f    gas_limit  type=GLOBAL estimated=251377  estimate_ms=511.1
23:54:18.%f    gas_price  fetched=6000000  fetch_ms=204.4
23:54:18.%f    tx_sent    type=GLOBAL  hash=7aad3d94105b...  send_ms=304.1
23:54:18.%f    global_tx_fired  ms=1235.0
23:54:18.%f    confirmed  idx=0  block=45133729  submit_to_confirm_ms=55364
23:54:18.%f    confirmed  idx=1  block=45133730  submit_to_confirm_ms=53463
23:54:19.%f    confirmed  idx=2  block=45133756  submit_to_confirm_ms=511
23:54:19.%f    wait_for_pending  n=3  total_wait_ms=505
23:54:19.%f    round_confirmation_total_ms=505
23:54:19.%f    verify_chain  valid=True  ms=440 [per-round]
23:54:19.%f  --- ROUND 8 end  total_overhead_ms=1741
23:55:32.%f  --- ROUND 9 start  mode=BASE
23:55:33.%f    ipfs_local  cid=QmWA2wsSTg2fVvax...  upload_ms=1339 [blocking]
23:55:33.%f    gas_limit  type=LOCAL  estimated=276442  estimate_ms=469.8
23:55:34.%f    gas_price  fetched=6000000  fetch_ms=144.6
23:55:34.%f    tx_sent    type=LOCAL   hash=20d3c2962fe5...  send_ms=287.3
23:55:34.%f    local_tx_fired  ms=1023.4
23:55:35.%f    ipfs_vote   cid=Qmcfc7HYssN44fka...  upload_ms=923 [blocking]
23:55:35.%f    gas_limit  type=VOTE   estimated=270151  estimate_ms=414.4
23:55:36.%f    gas_price  fetched=6000000  fetch_ms=199.3
23:55:36.%f    tx_sent    type=VOTE    hash=20914cbfd2fc...  send_ms=301.2
23:55:36.%f    vote_tx_fired  ms=1125.4
23:56:36.%f    ipfs_global model_cid=Qmf4QJURT3uichZP...  upload_ms=10818 [blocking]
23:56:36.%f    gas_limit  type=GLOBAL estimated=251377  estimate_ms=421.4
23:56:36.%f    gas_price  fetched=6000000  fetch_ms=192.2
23:56:37.%f    tx_sent    type=GLOBAL  hash=c0724ee014fb...  send_ms=608.9
23:56:37.%f    global_tx_fired  ms=1433.2
23:56:37.%f    confirmed  idx=0  block=45133794  submit_to_confirm_ms=63387
23:56:38.%f    confirmed  idx=1  block=45133795  submit_to_confirm_ms=61543
23:56:38.%f    confirmed  idx=2  block=45133826  submit_to_confirm_ms=606
23:56:38.%f    wait_for_pending  n=3  total_wait_ms=605
23:56:38.%f    round_confirmation_total_ms=605
23:56:38.%f    verify_chain  valid=True  ms=625 [per-round]
23:56:38.%f  --- ROUND 9 end  total_overhead_ms=2039
23:57:50.%f  --- ROUND 10 start  mode=BASE
23:57:51.%f    ipfs_local  cid=QmRbrMd2sE9FUksD...  upload_ms=1440 [blocking]
23:57:52.%f    gas_limit  type=LOCAL  estimated=276473  estimate_ms=812.9
23:57:52.%f    gas_price  fetched=6000000  fetch_ms=122.2
23:57:53.%f    tx_sent    type=LOCAL   hash=f814d1c01926...  send_ms=302.7
23:57:53.%f    local_tx_fired  ms=1427.5
23:57:54.%f    ipfs_vote   cid=QmVpvJU3pkiHFDDC...  upload_ms=838 [blocking]
23:57:54.%f    gas_limit  type=VOTE   estimated=270317  estimate_ms=493.2
23:57:54.%f    gas_price  fetched=6000000  fetch_ms=120.7
23:57:55.%f    tx_sent    type=VOTE    hash=ad3ba0aac24a...  send_ms=302.1
23:57:55.%f    vote_tx_fired  ms=1107.4
23:59:03.%f    ipfs_global model_cid=Qmb7f7qrRjpqaKcJ...  upload_ms=11523 [blocking]
23:59:04.%f    gas_limit  type=GLOBAL estimated=251392  estimate_ms=409.5
23:59:04.%f    gas_price  fetched=6000000  fetch_ms=205.8
23:59:04.%f    tx_sent    type=GLOBAL  hash=11714ff2a8c8...  send_ms=238.9
23:59:04.%f    global_tx_fired  ms=1022.8
23:59:04.%f    confirmed  idx=0  block=45133864  submit_to_confirm_ms=71594
23:59:04.%f    confirmed  idx=1  block=45133865  submit_to_confirm_ms=69800
23:59:06.%f    confirmed  idx=2  block=45133900  submit_to_confirm_ms=1537
23:59:06.%f    wait_for_pending  n=3  total_wait_ms=1537
23:59:06.%f    round_confirmation_total_ms=1537
23:59:06.%f    verify_chain  valid=True  ms=530 [per-round]
23:59:06.%f  --- ROUND 10 end  total_overhead_ms=2560
23:59:07.%f    verify_chain  valid=True  ms=416  [per-round-final]
