22:15:12.%f  === FL-Blockchain Performance Log ===
22:15:12.%f  Mode     : BASELINE
22:15:12.%f  Started  : 2026-04-24T22:15:12.412254
22:15:12.%f  File     : outputs/baseline_20260424_221512/perf_baseline_20260424_221512.log
22:15:12.%f  ==================================================
22:15:12.%f  BLOCKCHAIN_OPTIMIZED = False
22:15:28.%f    ipfs_global model_cid=QmZWma34UTNDSg9E...  upload_ms=13404 [blocking]
22:15:30.%f    gas_limit  type=GLOBAL estimated=226290  estimate_ms=614.6
22:15:30.%f    gas_price  fetched=6000000  fetch_ms=614.0
22:15:31.%f    tx_sent    type=GLOBAL  hash=ebc023a4c97a...  send_ms=291.2
22:15:31.%f    global_tx_fired  ms=2457.3
22:15:32.%f    confirmed  idx=0  block=45130793  submit_to_confirm_ms=924
22:15:32.%f    wait_for_pending  n=1  total_wait_ms=924
22:15:32.%f    round_confirmation_total_ms=924
22:15:32.%f    verify_chain  valid=True  ms=623 [per-round]
22:15:32.%f  --- ROUND 0 end  total_overhead_ms=3381
22:16:31.%f  --- ROUND 1 start  mode=BASE
22:16:32.%f    ipfs_local  cid=Qmc7inzh7xVoXoCR...  upload_ms=1184 [blocking]
22:16:32.%f    gas_limit  type=LOCAL  estimated=276397  estimate_ms=529.2
22:16:32.%f    gas_price  fetched=6000000  fetch_ms=163.3
22:16:33.%f    tx_sent    type=LOCAL   hash=6582c7a59a53...  send_ms=292.1
22:16:33.%f    local_tx_fired  ms=1127.0
22:16:34.%f    ipfs_vote   cid=QmVuD3ByyhnvyceS...  upload_ms=819 [blocking]
22:16:35.%f    gas_limit  type=VOTE   estimated=270121  estimate_ms=1294.8
22:16:35.%f    gas_price  fetched=6000000  fetch_ms=141.8
22:16:36.%f    tx_sent    type=VOTE    hash=2428bee1e585...  send_ms=288.8
22:16:36.%f    vote_tx_fired  ms=1844.3
22:17:35.%f    ipfs_global model_cid=QmaAx3hArpaKuhVB...  upload_ms=12769 [blocking]
22:17:36.%f    gas_limit  type=GLOBAL estimated=251361  estimate_ms=1023.9
22:17:36.%f    gas_price  fetched=6000000  fetch_ms=204.6
22:17:37.%f    tx_sent    type=GLOBAL  hash=46711770bb49...  send_ms=303.6
22:17:37.%f    global_tx_fired  ms=1742.0
22:17:37.%f    confirmed  idx=0  block=45130824  submit_to_confirm_ms=63920
22:17:37.%f    confirmed  idx=1  block=45130825  submit_to_confirm_ms=61521
22:17:37.%f    confirmed  idx=2  block=45130856  submit_to_confirm_ms=512
22:17:37.%f    wait_for_pending  n=3  total_wait_ms=512
22:17:37.%f    round_confirmation_total_ms=512
22:17:38.%f    verify_chain  valid=True  ms=565 [per-round]
22:17:38.%f  --- ROUND 1 end  total_overhead_ms=2254
22:18:35.%f  --- ROUND 2 start  mode=BASE
22:18:37.%f    ipfs_local  cid=QmWE5EtNUBNnSWxq...  upload_ms=1643 [blocking]
22:18:37.%f    gas_limit  type=LOCAL  estimated=276352  estimate_ms=413.1
22:18:37.%f    gas_price  fetched=6000000  fetch_ms=114.9
22:18:38.%f    tx_sent    type=LOCAL   hash=dc34cf188c4a...  send_ms=589.4
22:18:38.%f    local_tx_fired  ms=1241.0
22:18:39.%f    ipfs_vote   cid=QmfDTohG8iXK3QUR...  upload_ms=820 [blocking]
22:18:39.%f    gas_limit  type=VOTE   estimated=269913  estimate_ms=706.7
22:18:40.%f    gas_price  fetched=6000000  fetch_ms=111.1
22:18:40.%f    tx_sent    type=VOTE    hash=360e559429dd...  send_ms=403.9
22:18:40.%f    vote_tx_fired  ms=1340.6
22:19:38.%f    ipfs_global model_cid=QmaMi97Loo5mSW9b...  upload_ms=22825 [blocking]
22:19:38.%f    gas_limit  type=GLOBAL estimated=251361  estimate_ms=422.4
22:19:39.%f    gas_price  fetched=6000000  fetch_ms=191.6
22:19:39.%f    tx_sent    type=GLOBAL  hash=d170a056cb46...  send_ms=292.4
22:19:39.%f    global_tx_fired  ms=1025.3
22:19:39.%f    confirmed  idx=0  block=45130886  submit_to_confirm_ms=61339
22:19:39.%f    confirmed  idx=1  block=45130887  submit_to_confirm_ms=59383
22:19:40.%f    confirmed  idx=2  block=45130917  submit_to_confirm_ms=614
22:19:40.%f    wait_for_pending  n=3  total_wait_ms=614
22:19:40.%f    round_confirmation_total_ms=614
22:19:40.%f    verify_chain  valid=True  ms=514 [per-round]
22:19:40.%f  --- ROUND 2 end  total_overhead_ms=1639
22:20:44.%f  --- ROUND 3 start  mode=BASE
22:20:45.%f    ipfs_local  cid=QmePfaCnhLWB52Zh...  upload_ms=1382 [blocking]
22:20:46.%f    gas_limit  type=LOCAL  estimated=276382  estimate_ms=547.6
22:20:46.%f    gas_price  fetched=6000000  fetch_ms=169.0
22:20:46.%f    tx_sent    type=LOCAL   hash=e9e108a92d30...  send_ms=405.7
22:20:46.%f    local_tx_fired  ms=1331.8
22:20:48.%f    ipfs_vote   cid=QmY5bozov8JKsgam...  upload_ms=1069 [blocking]
22:20:48.%f    gas_limit  type=VOTE   estimated=270377  estimate_ms=466.8
22:20:48.%f    gas_price  fetched=6000000  fetch_ms=120.4
22:20:49.%f    tx_sent    type=VOTE    hash=a64e974ada56...  send_ms=279.3
22:20:49.%f    vote_tx_fired  ms=1056.6
22:25:36.%f    ipfs_global model_cid=None...  upload_ms=189220 [blocking]
22:25:37.%f    gas_limit  type=GLOBAL estimated=248570  estimate_ms=517.2
22:25:37.%f    gas_price  fetched=6000000  fetch_ms=205.0
22:25:37.%f    tx_sent    type=GLOBAL  hash=7613464b425e...  send_ms=295.8
22:25:37.%f    global_tx_fired  ms=1130.8
22:25:37.%f    confirmed  idx=0  block=45130951  submit_to_confirm_ms=290990
22:25:38.%f    confirmed  idx=1  block=45130952  submit_to_confirm_ms=289005
22:25:38.%f    confirmed  idx=2  block=45131096  submit_to_confirm_ms=513
22:25:38.%f    wait_for_pending  n=3  total_wait_ms=513
22:25:38.%f    round_confirmation_total_ms=513
22:25:38.%f    verify_chain  valid=True  ms=405 [per-round]
22:25:38.%f  --- ROUND 3 end  total_overhead_ms=1644
22:26:45.%f  --- ROUND 4 start  mode=BASE
22:26:47.%f    ipfs_local  cid=QmcCu9DwVruR9gGM...  upload_ms=2165 [blocking]
22:26:47.%f    gas_limit  type=LOCAL  estimated=276397  estimate_ms=510.4
22:26:47.%f    gas_price  fetched=6000000  fetch_ms=136.9
22:26:48.%f    tx_sent    type=LOCAL   hash=33e342205528...  send_ms=351.4
22:26:48.%f    local_tx_fired  ms=1127.4
22:26:49.%f    ipfs_vote   cid=QmdvjEZ5kTSEhENG...  upload_ms=919 [blocking]
22:26:49.%f    gas_limit  type=VOTE   estimated=269913  estimate_ms=433.7
22:26:49.%f    gas_price  fetched=6000000  fetch_ms=181.6
22:26:50.%f    tx_sent    type=VOTE    hash=75f0479dc64d...  send_ms=275.1
22:26:50.%f    vote_tx_fired  ms=1012.8
22:28:49.%f    ipfs_global model_cid=QmU7yFrYWHry3ZcF...  upload_ms=72968 [blocking]
22:28:50.%f    gas_limit  type=GLOBAL estimated=251361  estimate_ms=1126.3
22:28:50.%f    gas_price  fetched=6000000  fetch_ms=120.8
22:28:51.%f    tx_sent    type=GLOBAL  hash=a29a8d573638...  send_ms=1124.0
22:28:51.%f    global_tx_fired  ms=2560.4
22:28:51.%f    confirmed  idx=0  block=45131131  submit_to_confirm_ms=123409
22:28:51.%f    confirmed  idx=1  block=45131132  submit_to_confirm_ms=121667
22:28:52.%f    confirmed  idx=2  block=45131193  submit_to_confirm_ms=1024
22:28:52.%f    wait_for_pending  n=3  total_wait_ms=1024
22:28:52.%f    round_confirmation_total_ms=1024
22:28:53.%f    verify_chain  valid=True  ms=717 [per-round]
22:28:53.%f  --- ROUND 4 end  total_overhead_ms=3584
22:32:35.%f  --- ROUND 5 start  mode=BASE
22:32:37.%f    ipfs_local  cid=QmfSH2y3pcJcitaF...  upload_ms=2055 [blocking]
22:32:39.%f    gas_limit  type=LOCAL  estimated=276397  estimate_ms=1503.6
22:32:39.%f    gas_price  fetched=6000000  fetch_ms=115.0
22:32:39.%f    tx_sent    type=LOCAL   hash=5d795b04dd91...  send_ms=275.1
22:32:39.%f    local_tx_fired  ms=2015.8
22:32:40.%f    ipfs_vote   cid=QmQddbRYjTquucj1...  upload_ms=1024 [blocking]
22:32:41.%f    gas_limit  type=VOTE   estimated=270121  estimate_ms=511.8
22:32:41.%f    gas_price  fetched=6000000  fetch_ms=209.6
22:32:42.%f    tx_sent    type=VOTE    hash=1b820f16edbd...  send_ms=917.9
22:32:42.%f    vote_tx_fired  ms=1843.0
22:39:32.%f    ipfs_global model_cid=None...  upload_ms=189272 [blocking]
22:39:35.%f    gas_limit  type=GLOBAL estimated=248555  estimate_ms=2376.8
22:39:35.%f    gas_price  fetched=6000000  fetch_ms=203.1
22:39:35.%f    tx_sent    type=GLOBAL  hash=e5ebac735f1f...  send_ms=275.9
22:39:35.%f    global_tx_fired  ms=2990.4
22:39:35.%f    confirmed  idx=0  block=45131307  submit_to_confirm_ms=416165
22:39:36.%f    confirmed  idx=1  block=45131308  submit_to_confirm_ms=413503
22:39:36.%f    confirmed  idx=2  block=45131515  submit_to_confirm_ms=615
22:39:36.%f    wait_for_pending  n=3  total_wait_ms=614
22:39:36.%f    round_confirmation_total_ms=614
22:39:36.%f    verify_chain  valid=True  ms=525 [per-round]
22:39:36.%f  --- ROUND 5 end  total_overhead_ms=3605
22:41:04.%f  --- ROUND 6 start  mode=BASE
22:41:05.%f    ipfs_local  cid=QmSpMiiF32sTKgTo...  upload_ms=1757 [blocking]
22:41:06.%f    gas_limit  type=LOCAL  estimated=276397  estimate_ms=451.1
22:41:06.%f    gas_price  fetched=6000000  fetch_ms=185.2
22:41:07.%f    tx_sent    type=LOCAL   hash=0dc263b2d521...  send_ms=463.3
22:41:07.%f    local_tx_fired  ms=1309.0
22:41:08.%f    ipfs_vote   cid=QmYaJmMZVaGbG4zK...  upload_ms=864 [blocking]
22:41:08.%f    gas_limit  type=VOTE   estimated=270121  estimate_ms=468.7
22:41:08.%f    gas_price  fetched=6000000  fetch_ms=145.1
22:41:09.%f    tx_sent    type=VOTE    hash=6daf0cab5c99...  send_ms=507.6
22:41:09.%f    vote_tx_fired  ms=1433.5
22:42:20.%f    ipfs_global model_cid=QmT9zMs5yuw2EzC8...  upload_ms=14984 [blocking]
22:42:21.%f    gas_limit  type=GLOBAL estimated=251377  estimate_ms=420.9
22:42:21.%f    gas_price  fetched=6000000  fetch_ms=192.8
22:42:21.%f    tx_sent    type=GLOBAL  hash=d7f3edbb76a5...  send_ms=301.2
22:42:21.%f    global_tx_fired  ms=1024.3
22:42:21.%f    confirmed  idx=0  block=45131561  submit_to_confirm_ms=74649
22:42:21.%f    confirmed  idx=1  block=45131562  submit_to_confirm_ms=72502
22:42:22.%f    confirmed  idx=2  block=45131598  submit_to_confirm_ms=512
22:42:22.%f    wait_for_pending  n=3  total_wait_ms=512
22:42:22.%f    round_confirmation_total_ms=512
22:42:22.%f    verify_chain  valid=True  ms=419 [per-round]
22:42:22.%f  --- ROUND 6 end  total_overhead_ms=1537
22:43:39.%f  --- ROUND 7 start  mode=BASE
22:43:43.%f    ipfs_local  cid=QmYs8pkZy3JD2oH2...  upload_ms=3413 [blocking]
22:43:44.%f    gas_limit  type=LOCAL  estimated=276367  estimate_ms=717.5
22:43:44.%f    gas_price  fetched=6000000  fetch_ms=306.2
22:43:44.%f    tx_sent    type=LOCAL   hash=1c25892fb33f...  send_ms=472.9
22:43:44.%f    local_tx_fired  ms=1638.9
22:43:46.%f    ipfs_vote   cid=QmUzDzek2ib1RadZ...  upload_ms=1228 [blocking]
22:43:46.%f    gas_limit  type=VOTE   estimated=270256  estimate_ms=614.0
22:43:46.%f    gas_price  fetched=6000000  fetch_ms=205.1
22:43:47.%f    tx_sent    type=VOTE    hash=e74b0a200e26...  send_ms=275.6
22:43:47.%f    vote_tx_fired  ms=1302.6
22:50:12.%f    ipfs_global model_cid=None...  upload_ms=188905 [blocking]
22:50:13.%f    gas_limit  type=GLOBAL estimated=248570  estimate_ms=1539.7
22:50:13.%f    gas_price  fetched=6000000  fetch_ms=306.7
22:50:14.%f    tx_sent    type=GLOBAL  hash=813051271b13...  send_ms=343.5
22:50:14.%f    global_tx_fired  ms=2504.2
22:50:14.%f    confirmed  idx=0  block=45131640  submit_to_confirm_ms=389948
22:50:15.%f    confirmed  idx=1  block=45131641  submit_to_confirm_ms=387697
22:50:15.%f    confirmed  idx=2  block=45131834  submit_to_confirm_ms=778
22:50:15.%f    wait_for_pending  n=3  total_wait_ms=778
22:50:15.%f    round_confirmation_total_ms=778
22:50:16.%f    verify_chain  valid=True  ms=818 [per-round]
22:50:16.%f  --- ROUND 7 end  total_overhead_ms=3282
22:51:29.%f  --- ROUND 8 start  mode=BASE
22:51:31.%f    ipfs_local  cid=QmdgogsgvRSZLVEt...  upload_ms=2038 [blocking]
22:51:32.%f    gas_limit  type=LOCAL  estimated=276458  estimate_ms=716.0
22:51:32.%f    gas_price  fetched=6000000  fetch_ms=209.9
22:51:33.%f    tx_sent    type=LOCAL   hash=ba93f01a0993...  send_ms=391.4
22:51:33.%f    local_tx_fired  ms=1535.0
22:51:34.%f    ipfs_vote   cid=Qmet48AJAfEyZ48N...  upload_ms=1434 [blocking]
22:51:35.%f    gas_limit  type=VOTE   estimated=270136  estimate_ms=635.9
22:51:35.%f    gas_price  fetched=6000000  fetch_ms=211.5
22:51:36.%f    tx_sent    type=VOTE    hash=5061aa6601fa...  send_ms=506.0
22:51:36.%f    vote_tx_fired  ms=1635.9
22:54:40.%f    ipfs_global model_cid=QmRRcqgcEZLEx8E5...  upload_ms=139285 [blocking]
22:54:40.%f    gas_limit  type=GLOBAL estimated=251361  estimate_ms=819.9
22:54:41.%f    gas_price  fetched=6000000  fetch_ms=306.5
22:54:41.%f    tx_sent    type=GLOBAL  hash=485fd8623f40...  send_ms=385.5
22:54:41.%f    global_tx_fired  ms=1740.4
22:54:42.%f    confirmed  idx=0  block=45131874  submit_to_confirm_ms=188729
22:54:42.%f    confirmed  idx=1  block=45131875  submit_to_confirm_ms=185948
22:54:42.%f    confirmed  idx=2  block=45131968  submit_to_confirm_ms=820
22:54:42.%f    wait_for_pending  n=3  total_wait_ms=820
22:54:42.%f    round_confirmation_total_ms=820
22:54:43.%f    verify_chain  valid=True  ms=689 [per-round]
22:54:43.%f  --- ROUND 8 end  total_overhead_ms=2560
22:56:07.%f  --- ROUND 9 start  mode=BASE
22:56:10.%f    ipfs_local  cid=QmPcsNPnpQm48A6W...  upload_ms=2281 [blocking]
22:56:11.%f    gas_limit  type=LOCAL  estimated=276412  estimate_ms=819.2
22:56:11.%f    gas_price  fetched=6000000  fetch_ms=307.2
22:56:11.%f    tx_sent    type=LOCAL   hash=88810799d4af...  send_ms=389.2
22:56:11.%f    local_tx_fired  ms=1740.8
22:56:13.%f    ipfs_vote   cid=QmVCeS1ty2P9oUhm...  upload_ms=1434 [blocking]
22:56:14.%f    gas_limit  type=VOTE   estimated=270136  estimate_ms=819.3
22:56:14.%f    gas_price  fetched=6000000  fetch_ms=307.3
22:56:15.%f    tx_sent    type=VOTE    hash=66f586adf1ec...  send_ms=344.8
22:56:15.%f    vote_tx_fired  ms=1688.1
23:00:06.%f    ipfs_global model_cid=QmUS43rEniZU2q5g...  upload_ms=43448 [blocking]
23:00:06.%f    gas_limit  type=GLOBAL estimated=251392  estimate_ms=727.0
23:00:07.%f    gas_price  fetched=6000000  fetch_ms=306.6
23:00:07.%f    tx_sent    type=GLOBAL  hash=4801e5f86627...  send_ms=344.5
23:00:07.%f    global_tx_fired  ms=1690.3
23:00:08.%f    confirmed  idx=0  block=45132013  submit_to_confirm_ms=236145
23:00:08.%f    confirmed  idx=1  block=45132015  submit_to_confirm_ms=233234
23:00:08.%f    confirmed  idx=2  block=45132131  submit_to_confirm_ms=701
23:00:08.%f    wait_for_pending  n=3  total_wait_ms=701
23:00:08.%f    round_confirmation_total_ms=701
23:00:09.%f    verify_chain  valid=True  ms=704 [per-round]
23:00:09.%f  --- ROUND 9 end  total_overhead_ms=2391
23:01:21.%f  --- ROUND 10 start  mode=BASE
23:01:25.%f    ipfs_local  cid=QmZSopysu27zhp3t...  upload_ms=4893 [blocking]
23:01:26.%f    gas_limit  type=LOCAL  estimated=276397  estimate_ms=668.7
23:01:26.%f    gas_price  fetched=6000000  fetch_ms=299.1
23:01:27.%f    tx_sent    type=LOCAL   hash=e178a74b67e5...  send_ms=405.6
23:01:27.%f    local_tx_fired  ms=1684.6
23:01:28.%f    ipfs_vote   cid=QmZAfWgGixEx42od...  upload_ms=921 [blocking]
23:01:29.%f    gas_limit  type=VOTE   estimated=270226  estimate_ms=819.6
23:01:29.%f    gas_price  fetched=6000000  fetch_ms=206.1
23:01:30.%f    tx_sent    type=VOTE    hash=c2761423c942...  send_ms=384.9
23:01:30.%f    vote_tx_fired  ms=1638.6
23:03:13.%f    ipfs_global model_cid=QmeVoemhEUGjxqRC...  upload_ms=55131 [blocking]
23:03:14.%f    gas_limit  type=GLOBAL estimated=251392  estimate_ms=819.5
23:03:14.%f    gas_price  fetched=6000000  fetch_ms=307.1
23:03:14.%f    tx_sent    type=GLOBAL  hash=a4efec5e2394...  send_ms=375.2
23:03:14.%f    global_tx_fired  ms=1740.8
23:03:15.%f    confirmed  idx=0  block=45132171  submit_to_confirm_ms=107647
23:03:15.%f    confirmed  idx=1  block=45132172  submit_to_confirm_ms=105369
23:03:15.%f    confirmed  idx=2  block=45132225  submit_to_confirm_ms=826
23:03:15.%f    wait_for_pending  n=3  total_wait_ms=826
23:03:15.%f    round_confirmation_total_ms=826
23:03:16.%f    verify_chain  valid=True  ms=813 [per-round]
23:03:16.%f  --- ROUND 10 end  total_overhead_ms=2567
23:03:18.%f    verify_chain  valid=True  ms=814  [per-round-final]
