00:56:37.%f  === FL-Blockchain Performance Log ===
00:56:37.%f  Mode     : OPTIMIZED
00:56:37.%f  Started  : 2026-04-25T00:56:37.797505
00:56:37.%f  File     : outputs/optimized_20260425_005637/perf_optimized_20260425_005637.log
00:56:37.%f  ==================================================
00:56:37.%f  BLOCKCHAIN_OPTIMIZED = True
00:56:40.%f    ipfs_global background_thread_started  t=0.2ms
00:56:41.%f    gas_limit  type=GLOBAL estimated=223512  estimate_ms=466.4  (cached for future rounds)
00:56:41.%f    gas_price  fetched=6000000  fetch_ms=155.2
00:56:41.%f    tx_sent    type=GLOBAL  hash=5bce6c3c487c...  send_ms=307.6
00:56:41.%f    global_tx_fired  ms=1482.2
00:56:41.%f    confirmed  idx=0  block=45135628  submit_to_confirm_ms=155
00:56:41.%f    wait_for_pending  n=1  total_wait_ms=155
00:56:41.%f    round_confirmation_total_ms=155
00:56:51.%f    ipfs_global model_cid=QmTq5zmyxNf6sRZy...  [background]
00:56:51.%f  --- ROUND 0 end  total_overhead_ms=1637
00:58:38.%f  --- ROUND 1 start  mode=OPT
00:58:38.%f    gas_price_cached  price=6000000  fetch_ms=136.3
00:58:38.%f    ipfs_local  background_thread_started  t=0.2ms
00:58:38.%f    gas_limit  type=LOCAL  estimated=275107  estimate_ms=449.1  (cached for future rounds)
00:58:38.%f    gas_price  cached=6000000  saved_rpc_ms=~20
00:58:39.%f    tx_sent    type=LOCAL   hash=35c2d100e69c...  send_ms=300.8
00:58:39.%f    local_tx_fired  ms=961.8
00:58:39.%f    ipfs_vote   background_thread_started  t=0.2ms
00:58:39.%f    gas_limit  type=VOTE   estimated=269101  estimate_ms=418.9  (cached for future rounds)
00:58:39.%f    gas_price  cached=6000000  saved_rpc_ms=~20
00:58:40.%f    tx_sent    type=VOTE    hash=0f2aa4c286e2...  send_ms=279.4
00:58:40.%f    vote_tx_fired  ms=818.7
00:58:40.%f    ipfs_local  cid=QmV4HurHBBWQuh59... [background]
00:58:41.%f    ipfs_vote   cid=QmdSp9BCHaW3DWMd... [background]
00:59:34.%f    ipfs_global background_thread_started  t=3.5ms
00:59:34.%f    gas_limit  type=GLOBAL cached=223512  saved_rpc_ms=~30
00:59:34.%f    gas_price  cached=6000000  saved_rpc_ms=~20
00:59:34.%f    tx_sent    type=GLOBAL  hash=356fc9af6874...  send_ms=241.7
00:59:34.%f    global_tx_fired  ms=381.3
00:59:34.%f    confirmed  idx=0  block=45135687  submit_to_confirm_ms=55604
00:59:35.%f    confirmed  idx=1  block=45135687  submit_to_confirm_ms=54914
00:59:35.%f    confirmed  idx=2  block=45135715  submit_to_confirm_ms=468
00:59:35.%f    wait_for_pending  n=3  total_wait_ms=467
00:59:35.%f    round_confirmation_total_ms=467
00:59:39.%f    ipfs_global model_cid=Qmeuyc6vhRgrMyPP...  [background]
00:59:39.%f  --- ROUND 1 end  total_overhead_ms=849
01:01:13.%f  --- ROUND 2 start  mode=OPT
01:01:13.%f    gas_price_cached  price=6000000  fetch_ms=170.5
01:01:13.%f    ipfs_local  background_thread_started  t=0.2ms
01:01:13.%f    gas_limit  type=LOCAL  cached=275107  saved_rpc_ms=~30
01:01:13.%f    gas_price  cached=6000000  saved_rpc_ms=~20
01:01:13.%f    tx_sent    type=LOCAL   hash=def858c37e69...  send_ms=269.9
01:01:13.%f    local_tx_fired  ms=476.0
01:01:13.%f    ipfs_vote   background_thread_started  t=0.2ms
01:01:13.%f    gas_limit  type=VOTE   cached=269101  saved_rpc_ms=~30
01:01:13.%f    gas_price  cached=6000000  saved_rpc_ms=~20
01:01:14.%f    tx_sent    type=VOTE    hash=0298cd2b962d...  send_ms=301.3
01:01:14.%f    vote_tx_fired  ms=440.0
01:01:15.%f    ipfs_local  cid=Qmc4AmfJx9np3qDM... [background]
01:01:15.%f    ipfs_vote   cid=QmTMvC9U5hfNyCoc... [background]
01:02:31.%f    ipfs_global background_thread_started  t=3.5ms
01:02:31.%f    gas_limit  type=GLOBAL cached=223512  saved_rpc_ms=~30
01:02:31.%f    gas_price  cached=6000000  saved_rpc_ms=~20
01:02:31.%f    tx_sent    type=GLOBAL  hash=2ee4cebd40e4...  send_ms=235.0
01:02:31.%f    global_tx_fired  ms=404.5
01:02:31.%f    confirmed  idx=0  block=45135764  submit_to_confirm_ms=77959
01:02:32.%f    confirmed  idx=1  block=45135764  submit_to_confirm_ms=77646
01:02:32.%f    confirmed  idx=2  block=45135803  submit_to_confirm_ms=419
01:02:32.%f    wait_for_pending  n=3  total_wait_ms=419
01:02:32.%f    round_confirmation_total_ms=419
01:02:39.%f    ipfs_global model_cid=QmfK2AH3cEaJqdnp...  [background]
01:02:39.%f  --- ROUND 2 end  total_overhead_ms=824
01:03:42.%f  --- ROUND 3 start  mode=OPT
01:03:42.%f    gas_price_cached  price=6000000  fetch_ms=180.9
01:03:42.%f    ipfs_local  background_thread_started  t=0.2ms
01:03:42.%f    gas_limit  type=LOCAL  cached=275107  saved_rpc_ms=~30
01:03:42.%f    gas_price  cached=6000000  saved_rpc_ms=~20
01:03:43.%f    tx_sent    type=LOCAL   hash=adef0239ed2a...  send_ms=285.5
01:03:43.%f    local_tx_fired  ms=495.2
01:03:43.%f    ipfs_vote   background_thread_started  t=0.2ms
01:03:43.%f    gas_limit  type=VOTE   cached=269101  saved_rpc_ms=~30
01:03:43.%f    gas_price  cached=6000000  saved_rpc_ms=~20
01:03:43.%f    tx_sent    type=VOTE    hash=e40c91766625...  send_ms=302.8
01:03:43.%f    vote_tx_fired  ms=425.6
01:03:44.%f    ipfs_local  cid=QmdDVFmBuVEzaqhS... [background]
01:03:44.%f    ipfs_vote   cid=QmQFgmNXj2QhdGoP... [background]
01:04:32.%f    ipfs_global background_thread_started  t=3.2ms
01:04:32.%f    gas_limit  type=GLOBAL cached=223512  saved_rpc_ms=~30
01:04:32.%f    gas_price  cached=6000000  saved_rpc_ms=~20
01:04:32.%f    tx_sent    type=GLOBAL  hash=c6c920bba40a...  send_ms=252.4
01:04:32.%f    global_tx_fired  ms=368.6
01:04:33.%f    confirmed  idx=0  block=45135839  submit_to_confirm_ms=49853
01:04:33.%f    confirmed  idx=1  block=45135839  submit_to_confirm_ms=49554
01:04:33.%f    confirmed  idx=2  block=45135864  submit_to_confirm_ms=392
01:04:33.%f    wait_for_pending  n=3  total_wait_ms=392
01:04:33.%f    round_confirmation_total_ms=392
01:04:50.%f    ipfs_global model_cid=QmVmoJASnqRSvNj1...  [background]
01:04:50.%f  --- ROUND 3 end  total_overhead_ms=761
01:06:09.%f  --- ROUND 4 start  mode=OPT
01:06:09.%f    gas_price_cached  price=6000000  fetch_ms=236.3
01:06:09.%f    ipfs_local  background_thread_started  t=0.2ms
01:06:09.%f    gas_limit  type=LOCAL  cached=275107  saved_rpc_ms=~30
01:06:09.%f    gas_price  cached=6000000  saved_rpc_ms=~20
01:06:09.%f    tx_sent    type=LOCAL   hash=7241d2a123b1...  send_ms=269.3
01:06:09.%f    local_tx_fired  ms=405.7
01:06:09.%f    ipfs_vote   background_thread_started  t=0.2ms
01:06:09.%f    gas_limit  type=VOTE   cached=269101  saved_rpc_ms=~30
01:06:09.%f    gas_price  cached=6000000  saved_rpc_ms=~20
01:06:10.%f    tx_sent    type=VOTE    hash=04db0d6d77ec...  send_ms=217.4
01:06:10.%f    vote_tx_fired  ms=428.3
01:06:11.%f    ipfs_local  cid=QmeJukecoPsDCuDt... [background]
01:06:11.%f    ipfs_vote   cid=QmearJQ6KFK4ebzH... [background]
01:07:03.%f    ipfs_global background_thread_started  t=3.6ms
01:07:03.%f    gas_limit  type=GLOBAL cached=223512  saved_rpc_ms=~30
01:07:03.%f    gas_price  cached=6000000  saved_rpc_ms=~20
01:07:03.%f    tx_sent    type=GLOBAL  hash=f94c5aaa2ad7...  send_ms=235.7
01:07:03.%f    global_tx_fired  ms=413.0
01:07:03.%f    confirmed  idx=0  block=45135912  submit_to_confirm_ms=54028
01:07:04.%f    confirmed  idx=1  block=45135912  submit_to_confirm_ms=53744
01:07:04.%f    confirmed  idx=2  block=45135939  submit_to_confirm_ms=386
01:07:04.%f    wait_for_pending  n=3  total_wait_ms=386
01:07:04.%f    round_confirmation_total_ms=386
01:07:20.%f    ipfs_global model_cid=QmPztNY4Dn8AEu73...  [background]
01:07:20.%f  --- ROUND 4 end  total_overhead_ms=799
01:08:29.%f  --- ROUND 5 start  mode=OPT
01:08:29.%f    gas_price_cached  price=6000000  fetch_ms=262.9
01:08:29.%f    ipfs_local  background_thread_started  t=0.2ms
01:08:29.%f    gas_limit  type=LOCAL  cached=275107  saved_rpc_ms=~30
01:08:29.%f    gas_price  cached=6000000  saved_rpc_ms=~20
01:08:30.%f    tx_sent    type=LOCAL   hash=0197a5089138...  send_ms=246.1
01:08:30.%f    local_tx_fired  ms=440.1
01:08:30.%f    ipfs_vote   background_thread_started  t=0.2ms
01:08:30.%f    gas_limit  type=VOTE   cached=269101  saved_rpc_ms=~30
01:08:30.%f    gas_price  cached=6000000  saved_rpc_ms=~20
01:08:30.%f    tx_sent    type=VOTE    hash=ace320fe361c...  send_ms=305.5
01:08:30.%f    vote_tx_fired  ms=464.4
01:08:31.%f    ipfs_local  cid=QmSMuNWUa9xcBkXH... [background]
01:08:31.%f    ipfs_vote   cid=QmYgpy1iHvtGu633... [background]
01:09:18.%f    ipfs_global background_thread_started  t=4.0ms
01:09:18.%f    gas_limit  type=GLOBAL cached=223512  saved_rpc_ms=~30
01:09:18.%f    gas_price  cached=6000000  saved_rpc_ms=~20
01:09:18.%f    tx_sent    type=GLOBAL  hash=ec6fbe2eca76...  send_ms=224.3
01:09:18.%f    global_tx_fired  ms=349.3
01:09:18.%f    confirmed  idx=0  block=45135982  submit_to_confirm_ms=48291
01:09:18.%f    confirmed  idx=1  block=45135983  submit_to_confirm_ms=47947
01:09:18.%f    confirmed  idx=2  block=45136006  submit_to_confirm_ms=423
01:09:18.%f    wait_for_pending  n=3  total_wait_ms=423
01:09:18.%f    round_confirmation_total_ms=423
01:09:24.%f    ipfs_global model_cid=Qmdbd9gDBbvWwJcm...  [background]
01:09:24.%f  --- ROUND 5 end  total_overhead_ms=773
01:11:42.%f  --- ROUND 6 start  mode=OPT
01:11:42.%f    gas_price_cached  price=6000000  fetch_ms=221.1
01:11:42.%f    ipfs_local  background_thread_started  t=0.2ms
01:11:42.%f    gas_limit  type=LOCAL  cached=275107  saved_rpc_ms=~30
01:11:42.%f    gas_price  cached=6000000  saved_rpc_ms=~20
01:11:43.%f    tx_sent    type=LOCAL   hash=2aeae003dd2f...  send_ms=237.4
01:11:43.%f    local_tx_fired  ms=371.5
01:11:43.%f    ipfs_vote   background_thread_started  t=0.2ms
01:11:43.%f    gas_limit  type=VOTE   cached=269101  saved_rpc_ms=~30
01:11:43.%f    gas_price  cached=6000000  saved_rpc_ms=~20
01:11:43.%f    tx_sent    type=VOTE    hash=ea3280848320...  send_ms=247.1
01:11:43.%f    vote_tx_fired  ms=391.8
01:11:44.%f    ipfs_local  cid=QmSPKEEZFTZTUk6t... [background]
01:11:44.%f    ipfs_vote   cid=QmPeb6cVKZKpFJBo... [background]
01:12:35.%f    ipfs_global background_thread_started  t=3.9ms
01:12:35.%f    gas_limit  type=GLOBAL cached=223512  saved_rpc_ms=~30
01:12:35.%f    gas_price  cached=6000000  saved_rpc_ms=~20
01:12:35.%f    tx_sent    type=GLOBAL  hash=ee714373322a...  send_ms=233.6
01:12:35.%f    global_tx_fired  ms=371.8
01:12:36.%f    confirmed  idx=0  block=45136079  submit_to_confirm_ms=52995
01:12:36.%f    confirmed  idx=1  block=45136079  submit_to_confirm_ms=52743
01:12:36.%f    confirmed  idx=2  block=45136105  submit_to_confirm_ms=387
01:12:36.%f    wait_for_pending  n=3  total_wait_ms=386
01:12:36.%f    round_confirmation_total_ms=387
01:12:41.%f    ipfs_global model_cid=QmeccaoEAdnYvovj...  [background]
01:12:41.%f  --- ROUND 6 end  total_overhead_ms=758
01:13:48.%f  --- ROUND 7 start  mode=OPT
01:13:48.%f    gas_price_cached  price=6000000  fetch_ms=182.4
01:13:48.%f    ipfs_local  background_thread_started  t=0.2ms
01:13:48.%f    gas_limit  type=LOCAL  cached=275107  saved_rpc_ms=~30
01:13:48.%f    gas_price  cached=6000000  saved_rpc_ms=~20
01:13:49.%f    tx_sent    type=LOCAL   hash=b5fc6e0ab7e1...  send_ms=301.5
01:13:49.%f    local_tx_fired  ms=423.9
01:13:49.%f    ipfs_vote   background_thread_started  t=0.3ms
01:13:49.%f    gas_limit  type=VOTE   cached=269101  saved_rpc_ms=~30
01:13:49.%f    gas_price  cached=6000000  saved_rpc_ms=~20
01:13:49.%f    tx_sent    type=VOTE    hash=43dcde8d546f...  send_ms=347.4
01:13:49.%f    vote_tx_fired  ms=508.9
01:13:50.%f    ipfs_local  cid=QmaScRUTswrWRiWa... [background]
01:13:51.%f    ipfs_vote   cid=QmSKsdpeDV5NHqMF... [background]
01:14:34.%f    ipfs_global background_thread_started  t=3.5ms
01:14:34.%f    gas_limit  type=GLOBAL cached=223512  saved_rpc_ms=~30
01:14:34.%f    gas_price  cached=6000000  saved_rpc_ms=~20
01:14:34.%f    tx_sent    type=GLOBAL  hash=2e4708b4a8f4...  send_ms=217.0
01:14:34.%f    global_tx_fired  ms=341.8
01:14:34.%f    confirmed  idx=0  block=45136142  submit_to_confirm_ms=45369
01:14:34.%f    confirmed  idx=1  block=45136142  submit_to_confirm_ms=44972
01:14:34.%f    confirmed  idx=2  block=45136164  submit_to_confirm_ms=483
01:14:34.%f    wait_for_pending  n=3  total_wait_ms=482
01:14:34.%f    round_confirmation_total_ms=482
01:14:51.%f    ipfs_global model_cid=QmZ3emgHyVuZLTGA...  [background]
01:14:51.%f  --- ROUND 7 end  total_overhead_ms=824
01:16:05.%f  --- ROUND 8 start  mode=OPT
01:16:05.%f    gas_price_cached  price=6000000  fetch_ms=184.1
01:16:05.%f    ipfs_local  background_thread_started  t=0.2ms
01:16:05.%f    gas_limit  type=LOCAL  cached=275107  saved_rpc_ms=~30
01:16:05.%f    gas_price  cached=6000000  saved_rpc_ms=~20
01:16:06.%f    tx_sent    type=LOCAL   hash=4c6c4af8a20b...  send_ms=386.6
01:16:06.%f    local_tx_fired  ms=511.1
01:16:06.%f    ipfs_vote   background_thread_started  t=0.3ms
01:16:06.%f    gas_limit  type=VOTE   cached=269101  saved_rpc_ms=~30
01:16:06.%f    gas_price  cached=6000000  saved_rpc_ms=~20
01:16:06.%f    tx_sent    type=VOTE    hash=2ba28a19f1d3...  send_ms=302.9
01:16:06.%f    vote_tx_fired  ms=511.0
01:16:07.%f    ipfs_local  cid=QmZ5EXRPGSnmWWF3... [background]
01:16:07.%f    ipfs_vote   cid=QmajJ4M11oGUmVsG... [background]
01:16:57.%f    ipfs_global background_thread_started  t=2.8ms
01:16:57.%f    gas_limit  type=GLOBAL cached=223512  saved_rpc_ms=~30
01:16:57.%f    gas_price  cached=6000000  saved_rpc_ms=~20
01:16:57.%f    tx_sent    type=GLOBAL  hash=780eb801cee4...  send_ms=225.0
01:16:57.%f    global_tx_fired  ms=363.7
01:16:57.%f    confirmed  idx=0  block=45136210  submit_to_confirm_ms=51329
01:16:57.%f    confirmed  idx=1  block=45136211  submit_to_confirm_ms=50935
01:16:57.%f    confirmed  idx=2  block=45136236  submit_to_confirm_ms=436
01:16:57.%f    wait_for_pending  n=3  total_wait_ms=436
01:16:57.%f    round_confirmation_total_ms=436
01:17:04.%f    ipfs_global model_cid=QmXgygZtfnzmnW3r...  [background]
01:17:04.%f  --- ROUND 8 end  total_overhead_ms=799
01:18:13.%f  --- ROUND 9 start  mode=OPT
01:18:13.%f    gas_price_cached  price=6000000  fetch_ms=132.0
01:18:13.%f    ipfs_local  background_thread_started  t=0.2ms
01:18:13.%f    gas_limit  type=LOCAL  cached=275107  saved_rpc_ms=~30
01:18:13.%f    gas_price  cached=6000000  saved_rpc_ms=~20
01:18:14.%f    tx_sent    type=LOCAL   hash=c24e74b64bb2...  send_ms=272.8
01:18:14.%f    local_tx_fired  ms=401.9
01:18:14.%f    ipfs_vote   background_thread_started  t=0.2ms
01:18:14.%f    gas_limit  type=VOTE   cached=269101  saved_rpc_ms=~30
01:18:14.%f    gas_price  cached=6000000  saved_rpc_ms=~20
01:18:14.%f    tx_sent    type=VOTE    hash=ef035e17265a...  send_ms=239.5
01:18:14.%f    vote_tx_fired  ms=366.2
01:18:15.%f    ipfs_local  cid=QmXvf31DgJj6NG2D... [background]
01:18:15.%f    ipfs_vote   cid=QmZkUDKeiughUzyQ... [background]
01:20:00.%f    ipfs_global background_thread_started  t=4.2ms
01:20:00.%f    gas_limit  type=GLOBAL cached=223512  saved_rpc_ms=~30
01:20:00.%f    gas_price  cached=6000000  saved_rpc_ms=~20
01:20:00.%f    tx_sent    type=GLOBAL  hash=12f8fbfc0e00...  send_ms=329.4
01:20:00.%f    global_tx_fired  ms=502.8
01:20:01.%f    confirmed  idx=0  block=45136274  submit_to_confirm_ms=107019
01:20:01.%f    confirmed  idx=1  block=45136275  submit_to_confirm_ms=106824
01:20:01.%f    confirmed  idx=2  block=45136328  submit_to_confirm_ms=661
01:20:01.%f    wait_for_pending  n=3  total_wait_ms=661
01:20:01.%f    round_confirmation_total_ms=661
01:20:16.%f    ipfs_global model_cid=QmeqmKxa96KKA38i...  [background]
01:20:16.%f  --- ROUND 9 end  total_overhead_ms=1164
01:21:23.%f  --- ROUND 10 start  mode=OPT
01:21:23.%f    gas_price_cached  price=6000000  fetch_ms=178.2
01:21:23.%f    ipfs_local  background_thread_started  t=0.2ms
01:21:23.%f    gas_limit  type=LOCAL  cached=275107  saved_rpc_ms=~30
01:21:23.%f    gas_price  cached=6000000  saved_rpc_ms=~20
01:21:23.%f    tx_sent    type=LOCAL   hash=24bc354305ac...  send_ms=303.0
01:21:23.%f    local_tx_fired  ms=510.5
01:21:23.%f    ipfs_vote   background_thread_started  t=0.3ms
01:21:23.%f    gas_limit  type=VOTE   cached=269101  saved_rpc_ms=~30
01:21:23.%f    gas_price  cached=6000000  saved_rpc_ms=~20
01:21:24.%f    tx_sent    type=VOTE    hash=95739179dcd5...  send_ms=247.1
01:21:24.%f    vote_tx_fired  ms=455.0
01:21:24.%f    ipfs_local  cid=QmPBzZXLXcByxJBt... [background]
01:21:25.%f    ipfs_vote   cid=QmSQBKGnYVaBVMho... [background]
01:22:22.%f    ipfs_global background_thread_started  t=3.9ms
01:22:22.%f    gas_limit  type=GLOBAL cached=223512  saved_rpc_ms=~30
01:22:22.%f    gas_price  cached=6000000  saved_rpc_ms=~20
01:22:22.%f    tx_sent    type=GLOBAL  hash=33d648c0e184...  send_ms=239.5
01:22:22.%f    global_tx_fired  ms=389.0
01:22:22.%f    confirmed  idx=0  block=45136369  submit_to_confirm_ms=58827
01:22:22.%f    confirmed  idx=1  block=45136369  submit_to_confirm_ms=58531
01:22:24.%f    confirmed  idx=2  block=45136399  submit_to_confirm_ms=1532
01:22:24.%f    wait_for_pending  n=3  total_wait_ms=1532
01:22:24.%f    round_confirmation_total_ms=1532
01:22:37.%f    ipfs_global model_cid=QmdF2vvbgH9arcAF...  [background]
01:22:37.%f  --- ROUND 10 end  total_overhead_ms=1921
01:22:38.%f    verify_chain  valid=True  ms=425  [deferred-end]
