00:30:15.%f  === FL-Blockchain Performance Log ===
00:30:15.%f  Mode     : BASELINE
00:30:15.%f  Started  : 2026-04-25T00:30:15.085369
00:30:15.%f  File     : outputs/baseline_20260425_003015/perf_baseline_20260425_003015.log
00:30:15.%f  ==================================================
00:30:15.%f  BLOCKCHAIN_OPTIMIZED = False
00:30:34.%f    ipfs_global model_cid=Qmc71H7AnHqGUNun...  upload_ms=17581 [blocking]
00:30:35.%f    gas_limit  type=GLOBAL estimated=226290  estimate_ms=334.4
00:30:35.%f    gas_price  fetched=6000000  fetch_ms=106.9
00:30:36.%f    tx_sent    type=GLOBAL  hash=1b81f56ec47f...  send_ms=247.4
00:30:36.%f    global_tx_fired  ms=1126.2
00:30:36.%f    confirmed  idx=0  block=45134845  submit_to_confirm_ms=105
00:30:36.%f    wait_for_pending  n=1  total_wait_ms=105
00:30:36.%f    round_confirmation_total_ms=105
00:30:36.%f    verify_chain  valid=True  ms=408 [per-round]
00:30:36.%f  --- ROUND 0 end  total_overhead_ms=1231
00:31:34.%f  --- ROUND 1 start  mode=BASE
00:31:35.%f    ipfs_local  cid=QmT6uYV19sWji8my...  upload_ms=1071 [blocking]
00:31:36.%f    gas_limit  type=LOCAL  estimated=276367  estimate_ms=333.1
00:31:36.%f    gas_price  fetched=6000000  fetch_ms=110.0
00:31:36.%f    tx_sent    type=LOCAL   hash=e365c6794221...  send_ms=278.1
00:31:36.%f    local_tx_fired  ms=817.5
00:31:37.%f    ipfs_vote   cid=QmPotivbLoSZUGUi...  upload_ms=907 [blocking]
00:31:38.%f    gas_limit  type=VOTE   estimated=270347  estimate_ms=415.0
00:31:38.%f    gas_price  fetched=6000000  fetch_ms=204.6
00:31:38.%f    tx_sent    type=VOTE    hash=cd7ddf2be428...  send_ms=407.2
00:31:38.%f    vote_tx_fired  ms=1132.1
00:33:09.%f    ipfs_global model_cid=QmSvxyp9Yz9QtLrm...  upload_ms=23892 [blocking]
00:33:09.%f    gas_limit  type=GLOBAL estimated=251407  estimate_ms=393.5
00:33:09.%f    gas_price  fetched=6000000  fetch_ms=114.5
00:33:10.%f    tx_sent    type=GLOBAL  hash=49aace57ee30...  send_ms=302.0
00:33:10.%f    global_tx_fired  ms=918.1
00:33:10.%f    confirmed  idx=0  block=45134876  submit_to_confirm_ms=93482
00:33:10.%f    confirmed  idx=1  block=45134877  submit_to_confirm_ms=91551
00:33:10.%f    confirmed  idx=2  block=45134922  submit_to_confirm_ms=347
00:33:10.%f    wait_for_pending  n=3  total_wait_ms=347
00:33:10.%f    round_confirmation_total_ms=347
00:33:10.%f    verify_chain  valid=True  ms=373 [per-round]
00:33:10.%f  --- ROUND 1 end  total_overhead_ms=1265
00:34:12.%f  --- ROUND 2 start  mode=BASE
00:34:14.%f    ipfs_local  cid=QmZENsecSds8mn6b...  upload_ms=1303 [blocking]
00:34:14.%f    gas_limit  type=LOCAL  estimated=276412  estimate_ms=415.5
00:34:14.%f    gas_price  fetched=6000000  fetch_ms=107.1
00:34:15.%f    tx_sent    type=LOCAL   hash=d25430793abc...  send_ms=398.0
00:34:15.%f    local_tx_fired  ms=1023.8
00:34:16.%f    ipfs_vote   cid=QmV9Vy51zXHJyxs5...  upload_ms=1199 [blocking]
00:34:16.%f    gas_limit  type=VOTE   estimated=270121  estimate_ms=346.7
00:34:16.%f    gas_price  fetched=6000000  fetch_ms=142.9
00:34:17.%f    tx_sent    type=VOTE    hash=6df7a33f9adc...  send_ms=301.2
00:34:17.%f    vote_tx_fired  ms=950.8
00:35:30.%f    ipfs_global model_cid=QmZtUmDK3vvYiMVs...  upload_ms=26501 [blocking]
00:35:30.%f    gas_limit  type=GLOBAL estimated=251377  estimate_ms=284.2
00:35:30.%f    gas_price  fetched=6000000  fetch_ms=126.6
00:35:31.%f    tx_sent    type=GLOBAL  hash=cc8dbdc643f3...  send_ms=298.0
00:35:31.%f    global_tx_fired  ms=820.6
00:35:31.%f    confirmed  idx=0  block=45134955  submit_to_confirm_ms=76389
00:35:31.%f    confirmed  idx=1  block=45134956  submit_to_confirm_ms=74339
00:35:31.%f    confirmed  idx=2  block=45134993  submit_to_confirm_ms=308
00:35:31.%f    wait_for_pending  n=3  total_wait_ms=308
00:35:31.%f    round_confirmation_total_ms=308
00:35:31.%f    verify_chain  valid=True  ms=321 [per-round]
00:35:31.%f  --- ROUND 2 end  total_overhead_ms=1128
00:36:40.%f  --- ROUND 3 start  mode=BASE
00:36:41.%f    ipfs_local  cid=QmXWiHSd35PWrvPk...  upload_ms=1368 [blocking]
00:36:41.%f    gas_limit  type=LOCAL  estimated=276427  estimate_ms=410.2
00:36:41.%f    gas_price  fetched=6000000  fetch_ms=99.4
00:36:42.%f    tx_sent    type=LOCAL   hash=6b61aad342a6...  send_ms=301.9
00:36:42.%f    local_tx_fired  ms=919.8
00:36:44.%f    ipfs_vote   cid=QmU8gjeKsdnAkidv...  upload_ms=1844 [blocking]
00:36:44.%f    gas_limit  type=VOTE   estimated=270287  estimate_ms=307.3
00:36:44.%f    gas_price  fetched=6000000  fetch_ms=203.2
00:36:45.%f    tx_sent    type=VOTE    hash=66eef05eadc1...  send_ms=303.7
00:36:45.%f    vote_tx_fired  ms=1023.4
00:38:15.%f    ipfs_global model_cid=QmSgMush2oJszmp9...  upload_ms=25662 [blocking]
00:38:16.%f    gas_limit  type=GLOBAL estimated=251377  estimate_ms=409.1
00:38:16.%f    gas_price  fetched=6000000  fetch_ms=204.6
00:38:16.%f    tx_sent    type=GLOBAL  hash=81298c00261f...  send_ms=214.4
00:38:16.%f    global_tx_fired  ms=935.1
00:38:16.%f    confirmed  idx=0  block=45135028  submit_to_confirm_ms=94461
00:38:16.%f    confirmed  idx=1  block=45135030  submit_to_confirm_ms=91735
00:38:17.%f    confirmed  idx=2  block=45135076  submit_to_confirm_ms=415
00:38:17.%f    wait_for_pending  n=3  total_wait_ms=415
00:38:17.%f    round_confirmation_total_ms=415
00:38:17.%f    verify_chain  valid=True  ms=399 [per-round]
00:38:17.%f  --- ROUND 3 end  total_overhead_ms=1350
00:39:29.%f  --- ROUND 4 start  mode=BASE
00:39:30.%f    ipfs_local  cid=QmYLzxZMgtqiDjAz...  upload_ms=1389 [blocking]
00:39:31.%f    gas_limit  type=LOCAL  estimated=276397  estimate_ms=511.9
00:39:31.%f    gas_price  fetched=6000000  fetch_ms=103.9
00:39:31.%f    tx_sent    type=LOCAL   hash=fcddebdde9a5...  send_ms=302.4
00:39:31.%f    local_tx_fired  ms=1126.5
00:39:33.%f    ipfs_vote   cid=QmaJUwmsNUf2Psg4...  upload_ms=1140 [blocking]
00:39:33.%f    gas_limit  type=VOTE   estimated=269928  estimate_ms=406.5
00:39:33.%f    gas_price  fetched=6000000  fetch_ms=193.6
00:39:34.%f    tx_sent    type=VOTE    hash=d5ef0ce226f1...  send_ms=302.9
00:39:34.%f    vote_tx_fired  ms=1112.4
00:40:48.%f    ipfs_global model_cid=QmWTuPBfymJnz3Fo...  upload_ms=29159 [blocking]
00:40:48.%f    gas_limit  type=GLOBAL estimated=251377  estimate_ms=409.7
00:40:48.%f    gas_price  fetched=6000000  fetch_ms=204.1
00:40:49.%f    tx_sent    type=GLOBAL  hash=58c966d48aa8...  send_ms=304.7
00:40:49.%f    global_tx_fired  ms=1127.2
00:40:49.%f    confirmed  idx=0  block=45135113  submit_to_confirm_ms=77616
00:40:49.%f    confirmed  idx=1  block=45135114  submit_to_confirm_ms=75477
00:40:49.%f    confirmed  idx=2  block=45135152  submit_to_confirm_ms=416
00:40:49.%f    wait_for_pending  n=3  total_wait_ms=415
00:40:49.%f    round_confirmation_total_ms=416
00:40:50.%f    verify_chain  valid=True  ms=505 [per-round]
00:40:50.%f  --- ROUND 4 end  total_overhead_ms=1543
00:42:03.%f  --- ROUND 5 start  mode=BASE
00:42:05.%f    ipfs_local  cid=QmSMpQ62syFAGML2...  upload_ms=2153 [blocking]
00:42:06.%f    gas_limit  type=LOCAL  estimated=276397  estimate_ms=342.3
00:42:06.%f    gas_price  fetched=6000000  fetch_ms=170.1
00:42:06.%f    tx_sent    type=LOCAL   hash=16ef7585d84a...  send_ms=234.2
00:42:06.%f    local_tx_fired  ms=852.8
00:42:07.%f    ipfs_vote   cid=QmNhC4bjDUcte95L...  upload_ms=891 [blocking]
00:42:07.%f    gas_limit  type=VOTE   estimated=269928  estimate_ms=309.4
00:42:07.%f    gas_price  fetched=6000000  fetch_ms=104.0
00:42:08.%f    tx_sent    type=VOTE    hash=46dad5e4255e...  send_ms=250.7
00:42:08.%f    vote_tx_fired  ms=816.7
00:42:59.%f    ipfs_global model_cid=QmSP4Y7DwCGYRKb8...  upload_ms=6352 [blocking]
00:43:00.%f    gas_limit  type=GLOBAL estimated=251392  estimate_ms=310.7
00:43:00.%f    gas_price  fetched=6000000  fetch_ms=202.9
00:43:00.%f    tx_sent    type=GLOBAL  hash=c360cde599cf...  send_ms=287.3
00:43:00.%f    global_tx_fired  ms=921.7
00:43:00.%f    confirmed  idx=0  block=45135191  submit_to_confirm_ms=54249
00:43:01.%f    confirmed  idx=1  block=45135191  submit_to_confirm_ms=52742
00:43:01.%f    confirmed  idx=2  block=45135218  submit_to_confirm_ms=420
00:43:01.%f    wait_for_pending  n=3  total_wait_ms=420
00:43:01.%f    round_confirmation_total_ms=420
00:43:01.%f    verify_chain  valid=True  ms=405 [per-round]
00:43:01.%f  --- ROUND 5 end  total_overhead_ms=1342
00:44:16.%f  --- ROUND 6 start  mode=BASE
00:44:19.%f    ipfs_local  cid=QmQyHH1J2op3nRZ9...  upload_ms=2115 [blocking]
00:44:19.%f    gas_limit  type=LOCAL  estimated=276322  estimate_ms=432.1
00:44:19.%f    gas_price  fetched=6000000  fetch_ms=202.4
00:44:20.%f    tx_sent    type=LOCAL   hash=feef45ae1902...  send_ms=248.5
00:44:20.%f    local_tx_fired  ms=989.1
00:44:21.%f    ipfs_vote   cid=QmbPbqruqGUb3RrX...  upload_ms=1171 [blocking]
00:44:21.%f    gas_limit  type=VOTE   estimated=270211  estimate_ms=335.2
00:44:21.%f    gas_price  fetched=6000000  fetch_ms=187.5
00:44:22.%f    tx_sent    type=VOTE    hash=2d0ae0161e6f...  send_ms=236.5
00:44:22.%f    vote_tx_fired  ms=866.8
00:45:27.%f    ipfs_global model_cid=QmUjPEru1BSzKdyy...  upload_ms=17884 [blocking]
00:45:27.%f    gas_limit  type=GLOBAL estimated=251377  estimate_ms=409.6
00:45:27.%f    gas_price  fetched=6000000  fetch_ms=204.1
00:45:28.%f    tx_sent    type=GLOBAL  hash=1cf9aa8deafa...  send_ms=293.5
00:45:28.%f    global_tx_fired  ms=1024.0
00:45:28.%f    confirmed  idx=0  block=45135257  submit_to_confirm_ms=68362
00:45:28.%f    confirmed  idx=1  block=45135258  submit_to_confirm_ms=66427
00:45:28.%f    confirmed  idx=2  block=45135291  submit_to_confirm_ms=413
00:45:28.%f    wait_for_pending  n=3  total_wait_ms=413
00:45:28.%f    round_confirmation_total_ms=413
00:45:28.%f    verify_chain  valid=True  ms=406 [per-round]
00:45:28.%f  --- ROUND 6 end  total_overhead_ms=1437
00:46:47.%f  --- ROUND 7 start  mode=BASE
00:46:49.%f    ipfs_local  cid=QmTcWyPGmEeHqgAP...  upload_ms=2023 [blocking]
00:46:49.%f    gas_limit  type=LOCAL  estimated=276397  estimate_ms=511.3
00:46:50.%f    gas_price  fetched=6000000  fetch_ms=112.3
00:46:50.%f    tx_sent    type=LOCAL   hash=b0c79269cf7c...  send_ms=611.0
00:46:50.%f    local_tx_fired  ms=1433.6
00:46:51.%f    ipfs_vote   cid=QmarvWgbnFsGNn6f...  upload_ms=766 [blocking]
00:46:52.%f    gas_limit  type=VOTE   estimated=270241  estimate_ms=361.7
00:46:52.%f    gas_price  fetched=6000000  fetch_ms=135.3
00:46:52.%f    tx_sent    type=VOTE    hash=7aed53209d89...  send_ms=249.1
00:46:52.%f    vote_tx_fired  ms=888.2
00:47:55.%f    ipfs_global model_cid=QmQmBouck6ycavJa...  upload_ms=11532 [blocking]
00:47:56.%f    gas_limit  type=GLOBAL estimated=251377  estimate_ms=318.8
00:47:56.%f    gas_price  fetched=6000000  fetch_ms=192.7
00:47:56.%f    tx_sent    type=GLOBAL  hash=03b533a287b2...  send_ms=301.3
00:47:56.%f    global_tx_fired  ms=920.9
00:47:56.%f    confirmed  idx=0  block=45135333  submit_to_confirm_ms=65847
00:47:56.%f    confirmed  idx=1  block=45135334  submit_to_confirm_ms=64296
00:47:58.%f    confirmed  idx=2  block=45135366  submit_to_confirm_ms=1435
00:47:58.%f    wait_for_pending  n=3  total_wait_ms=1435
00:47:58.%f    round_confirmation_total_ms=1435
00:47:58.%f    verify_chain  valid=True  ms=407 [per-round]
00:47:58.%f  --- ROUND 7 end  total_overhead_ms=2356
00:49:07.%f  --- ROUND 8 start  mode=BASE
00:49:09.%f    ipfs_local  cid=QmXFDudZDFcN3dD4...  upload_ms=1728 [blocking]
00:49:09.%f    gas_limit  type=LOCAL  estimated=276352  estimate_ms=461.7
00:49:09.%f    gas_price  fetched=6000000  fetch_ms=151.9
00:49:10.%f    tx_sent    type=LOCAL   hash=c7f676673a1a...  send_ms=303.3
00:49:10.%f    local_tx_fired  ms=1126.5
00:49:11.%f    ipfs_vote   cid=QmawSc65wqG7hAbB...  upload_ms=657 [blocking]
00:49:11.%f    gas_limit  type=VOTE   estimated=270256  estimate_ms=433.0
00:49:11.%f    gas_price  fetched=6000000  fetch_ms=137.5
00:49:11.%f    tx_sent    type=VOTE    hash=2713414c6664...  send_ms=216.5
00:49:11.%f    vote_tx_fired  ms=896.7
00:50:21.%f    ipfs_global model_cid=QmV5cYJwH1B2n7M3...  upload_ms=14604 [blocking]
00:50:21.%f    gas_limit  type=GLOBAL estimated=251377  estimate_ms=334.6
00:50:21.%f    gas_price  fetched=6000000  fetch_ms=97.9
00:50:22.%f    tx_sent    type=GLOBAL  hash=a391b8d1bce5...  send_ms=210.4
00:50:22.%f    global_tx_fired  ms=754.4
00:50:22.%f    confirmed  idx=0  block=45135402  submit_to_confirm_ms=72092
00:50:22.%f    confirmed  idx=1  block=45135403  submit_to_confirm_ms=70653
00:50:22.%f    confirmed  idx=2  block=45135438  submit_to_confirm_ms=433
00:50:22.%f    wait_for_pending  n=3  total_wait_ms=433
00:50:22.%f    round_confirmation_total_ms=433
00:50:23.%f    verify_chain  valid=True  ms=404 [per-round]
00:50:23.%f  --- ROUND 8 end  total_overhead_ms=1188
00:51:31.%f  --- ROUND 9 start  mode=BASE
00:51:32.%f    ipfs_local  cid=QmPEzPSvzAwZdfv6...  upload_ms=1363 [blocking]
00:51:33.%f    gas_limit  type=LOCAL  estimated=276352  estimate_ms=399.0
00:51:33.%f    gas_price  fetched=6000000  fetch_ms=104.7
00:51:33.%f    tx_sent    type=LOCAL   hash=ae86bcf04fd0...  send_ms=226.4
00:51:33.%f    local_tx_fired  ms=836.8
00:51:34.%f    ipfs_vote   cid=QmRTNFoXpWsbcjYC...  upload_ms=986 [blocking]
00:51:34.%f    gas_limit  type=VOTE   estimated=270347  estimate_ms=409.2
00:51:35.%f    gas_price  fetched=6000000  fetch_ms=102.4
00:51:35.%f    tx_sent    type=VOTE    hash=724476355245...  send_ms=303.9
00:51:35.%f    vote_tx_fired  ms=921.4
00:52:59.%f    ipfs_global model_cid=QmTqvpUXipGeSXcL...  upload_ms=12920 [blocking]
00:52:59.%f    gas_limit  type=GLOBAL estimated=251377  estimate_ms=307.2
00:52:59.%f    gas_price  fetched=6000000  fetch_ms=102.5
00:53:00.%f    tx_sent    type=GLOBAL  hash=51738ce3caa5...  send_ms=300.7
00:53:00.%f    global_tx_fired  ms=819.4
00:53:00.%f    confirmed  idx=0  block=45135474  submit_to_confirm_ms=86848
00:53:00.%f    confirmed  idx=1  block=45135475  submit_to_confirm_ms=85098
00:53:00.%f    confirmed  idx=2  block=45135517  submit_to_confirm_ms=413
00:53:00.%f    wait_for_pending  n=3  total_wait_ms=416
00:53:00.%f    round_confirmation_total_ms=416
00:53:01.%f    verify_chain  valid=True  ms=411 [per-round]
00:53:01.%f  --- ROUND 9 end  total_overhead_ms=1236
00:54:18.%f  --- ROUND 10 start  mode=BASE
00:54:20.%f    ipfs_local  cid=QmU5FQTMDLX5hPx4...  upload_ms=2404 [blocking]
00:54:21.%f    gas_limit  type=LOCAL  estimated=276397  estimate_ms=512.5
00:54:21.%f    gas_price  fetched=6000000  fetch_ms=204.1
00:54:21.%f    tx_sent    type=LOCAL   hash=289b2c1173b3...  send_ms=293.3
00:54:21.%f    local_tx_fired  ms=1127.0
00:54:22.%f    ipfs_vote   cid=QmQqUeoLdT7msL3Z...  upload_ms=921 [blocking]
00:54:23.%f    gas_limit  type=VOTE   estimated=270272  estimate_ms=535.4
00:54:23.%f    gas_price  fetched=6000000  fetch_ms=100.3
00:54:23.%f    tx_sent    type=VOTE    hash=ce38d120104c...  send_ms=302.6
00:54:23.%f    vote_tx_fired  ms=1126.7
00:55:30.%f    ipfs_global model_cid=QmSAZESYvhTssmSW...  upload_ms=12835 [blocking]
00:55:30.%f    gas_limit  type=GLOBAL estimated=251377  estimate_ms=307.0
00:55:30.%f    gas_price  fetched=6000000  fetch_ms=123.0
00:55:31.%f    tx_sent    type=GLOBAL  hash=f741687d1c08...  send_ms=206.1
00:55:31.%f    global_tx_fired  ms=824.9
00:55:31.%f    confirmed  idx=0  block=45135558  submit_to_confirm_ms=69537
00:55:31.%f    confirmed  idx=1  block=45135559  submit_to_confirm_ms=67597
00:55:31.%f    confirmed  idx=2  block=45135593  submit_to_confirm_ms=466
00:55:31.%f    wait_for_pending  n=3  total_wait_ms=466
00:55:31.%f    round_confirmation_total_ms=466
00:55:32.%f    verify_chain  valid=True  ms=351 [per-round]
00:55:32.%f  --- ROUND 10 end  total_overhead_ms=1291
00:55:33.%f    verify_chain  valid=True  ms=509  [per-round-final]
